[0.090s] Invoking command in '/home/akhil-rover/ws_test_microros/build/micro_ros_msgs': CMAKE_PREFIX_PATH=${CMAKE_PREFIX_PATH}:/opt/ros/humble /usr/bin/cmake /home/akhil-rover/ws_test_microros/src/uros/micro_ros_msgs -DUAGENT_BUILD_EXECUTABLE=OFF -DUAGENT_P2P_PROFILE=OFF --no-warn-unused-cli -DCMAKE_INSTALL_PREFIX=/home/akhil-rover/ws_test_microros/install/micro_ros_msgs
[0.099s] Not searching for unused variables given on the command line.
[0.167s] -- The C compiler identification is GNU 11.4.0
[0.245s] -- The CXX compiler identification is GNU 11.4.0
[0.255s] -- Detecting C compiler ABI info
[0.351s] -- Detecting C compiler ABI info - done
[0.362s] -- Check for working C compiler: /usr/bin/cc - skipped
[0.363s] -- Detecting C compile features
[0.364s] -- Detecting C compile features - done
[0.368s] -- Detecting CXX compiler ABI info
[0.480s] -- Detecting CXX compiler ABI info - done
[0.492s] -- Check for working CXX compiler: /usr/bin/c++ - skipped
[0.492s] -- Detecting CXX compile features
[0.493s] -- Detecting CXX compile features - done
[0.495s] -- Found ament_cmake: 1.3.7 (/opt/ros/humble/share/ament_cmake/cmake)
[0.736s] -- Found Python3: /usr/bin/python3.10 (found version "3.10.12") found components: Interpreter 
[0.856s] -- Found rosidl_default_generators: 1.2.0 (/opt/ros/humble/share/rosidl_default_generators/cmake)
[0.861s] -- Using all available rosidl_typesupport_c: rosidl_typesupport_fastrtps_c;rosidl_typesupport_introspection_c
[0.872s] -- Found rosidl_adapter: 3.1.5 (/opt/ros/humble/share/rosidl_adapter/cmake)
[0.943s] -- Using all available rosidl_typesupport_cpp: rosidl_typesupport_fastrtps_cpp;rosidl_typesupport_introspection_cpp
[1.000s] -- Found ament_lint_auto: 0.12.10 (/opt/ros/humble/share/ament_lint_auto/cmake)
[1.389s] -- Found ament_cmake_ros: 0.10.0 (/opt/ros/humble/share/ament_cmake_ros/cmake)
[1.653s] -- Using all available rosidl_typesupport_c: rosidl_typesupport_fastrtps_c;rosidl_typesupport_introspection_c
[1.992s] -- Using all available rosidl_typesupport_cpp: rosidl_typesupport_fastrtps_cpp;rosidl_typesupport_introspection_cpp
[2.024s] -- Found PythonInterp: /usr/bin/python3 (found suitable version "3.10.12", minimum required is "3.6") 
[2.026s] -- Found python_cmake_module: 0.10.0 (/opt/ros/humble/share/python_cmake_module/cmake)
[2.067s] -- Found PythonLibs: /usr/lib/x86_64-linux-gnu/libpython3.10.so (found suitable version "3.10.12", minimum required is "3.5") 
[2.067s] -- Using PYTHON_EXECUTABLE: /usr/bin/python3
[2.067s] -- Using PYTHON_INCLUDE_DIRS: /usr/include/python3.10
[2.067s] -- Using PYTHON_LIBRARIES: /usr/lib/x86_64-linux-gnu/libpython3.10.so
[2.097s] -- Found PythonExtra: .so  
[2.148s] -- Added test 'copyright' to check source files copyright and LICENSE
[2.157s] -- Added test 'lint_cmake' to check CMake code style
[2.161s] -- Added test 'xmllint' to check XML markup files
[2.168s] -- Configuring done
[2.206s] -- Generating done
[2.209s] -- Build files have been written to: /home/akhil-rover/ws_test_microros/build/micro_ros_msgs
[2.217s] Invoked command in '/home/akhil-rover/ws_test_microros/build/micro_ros_msgs' returned '0': CMAKE_PREFIX_PATH=${CMAKE_PREFIX_PATH}:/opt/ros/humble /usr/bin/cmake /home/akhil-rover/ws_test_microros/src/uros/micro_ros_msgs -DUAGENT_BUILD_EXECUTABLE=OFF -DUAGENT_P2P_PROFILE=OFF --no-warn-unused-cli -DCMAKE_INSTALL_PREFIX=/home/akhil-rover/ws_test_microros/install/micro_ros_msgs
[2.219s] Invoking command in '/home/akhil-rover/ws_test_microros/build/micro_ros_msgs': CMAKE_PREFIX_PATH=${CMAKE_PREFIX_PATH}:/opt/ros/humble /usr/bin/cmake --build /home/akhil-rover/ws_test_microros/build/micro_ros_msgs -- -j4 -l4
[2.281s] [  2%] [34m[1mGenerating C code for ROS interfaces[0m
[2.302s] [  4%] [34m[1mGenerating C++ code for ROS interfaces[0m
[2.304s] [  4%] Built target ament_cmake_python_copy_micro_ros_msgs
[2.833s] running egg_info
[2.834s] creating micro_ros_msgs.egg-info
[2.835s] writing micro_ros_msgs.egg-info/PKG-INFO
[2.835s] writing dependency_links to micro_ros_msgs.egg-info/dependency_links.txt
[2.838s] writing top-level names to micro_ros_msgs.egg-info/top_level.txt
[2.838s] writing manifest file 'micro_ros_msgs.egg-info/SOURCES.txt'
[2.843s] reading manifest file 'micro_ros_msgs.egg-info/SOURCES.txt'
[2.844s] writing manifest file 'micro_ros_msgs.egg-info/SOURCES.txt'
[2.904s] [  4%] Built target ament_cmake_python_build_micro_ros_msgs_egg
[2.997s] [  8%] [32mBuilding C object CMakeFiles/micro_ros_msgs__rosidl_generator_c.dir/rosidl_generator_c/micro_ros_msgs/msg/detail/entity__functions.c.o[0m
[2.997s] [  8%] [32mBuilding C object CMakeFiles/micro_ros_msgs__rosidl_generator_c.dir/rosidl_generator_c/micro_ros_msgs/msg/detail/graph__functions.c.o[0m
[2.999s] [ 10%] [32mBuilding C object CMakeFiles/micro_ros_msgs__rosidl_generator_c.dir/rosidl_generator_c/micro_ros_msgs/msg/detail/node__functions.c.o[0m
[3.107s] [ 12%] [32m[1mLinking C shared library libmicro_ros_msgs__rosidl_generator_c.so[0m
[3.159s] [ 12%] Built target micro_ros_msgs__rosidl_generator_c
[3.179s] [ 14%] [34m[1mGenerating C type support for eProsima Fast-RTPS[0m
[3.179s] [ 17%] [34m[1mGenerating C introspection for ROS interfaces[0m
[3.278s] [ 19%] [34m[1mGenerating C type support dispatch for ROS interfaces[0m
[3.281s] [ 19%] Built target micro_ros_msgs__cpp
[3.303s] [ 21%] [34m[1mGenerating C++ type support dispatch for ROS interfaces[0m
[4.049s] [ 23%] [32mBuilding CXX object CMakeFiles/micro_ros_msgs__rosidl_typesupport_c.dir/rosidl_typesupport_c/micro_ros_msgs/msg/graph__type_support.cpp.o[0m
[4.125s] [ 25%] [32mBuilding CXX object CMakeFiles/micro_ros_msgs__rosidl_typesupport_c.dir/rosidl_typesupport_c/micro_ros_msgs/msg/node__type_support.cpp.o[0m
[4.130s] [ 27%] [32mBuilding C object CMakeFiles/micro_ros_msgs__rosidl_typesupport_introspection_c.dir/rosidl_typesupport_introspection_c/micro_ros_msgs/msg/detail/graph__type_support.c.o[0m
[4.164s] [ 29%] [32mBuilding CXX object CMakeFiles/micro_ros_msgs__rosidl_typesupport_fastrtps_c.dir/rosidl_typesupport_fastrtps_c/micro_ros_msgs/msg/detail/graph__type_support_c.cpp.o[0m
[4.167s] [ 31%] [32mBuilding CXX object CMakeFiles/micro_ros_msgs__rosidl_typesupport_cpp.dir/rosidl_typesupport_cpp/micro_ros_msgs/msg/graph__type_support.cpp.o[0m
[4.190s] [ 34%] [32mBuilding CXX object CMakeFiles/micro_ros_msgs__rosidl_typesupport_c.dir/rosidl_typesupport_c/micro_ros_msgs/msg/entity__type_support.cpp.o[0m
[4.217s] [ 36%] [32mBuilding C object CMakeFiles/micro_ros_msgs__rosidl_typesupport_introspection_c.dir/rosidl_typesupport_introspection_c/micro_ros_msgs/msg/detail/node__type_support.c.o[0m
[4.252s] [ 38%] [32m[1mLinking CXX shared library libmicro_ros_msgs__rosidl_typesupport_c.so[0m
[4.295s] [ 40%] [32mBuilding C object CMakeFiles/micro_ros_msgs__rosidl_typesupport_introspection_c.dir/rosidl_typesupport_introspection_c/micro_ros_msgs/msg/detail/entity__type_support.c.o[0m
[4.342s] [ 40%] Built target micro_ros_msgs__rosidl_typesupport_c
[4.366s] [ 42%] [34m[1mGenerating C++ type support for eProsima Fast-RTPS[0m
[4.372s] [ 44%] [32m[1mLinking C shared library libmicro_ros_msgs__rosidl_typesupport_introspection_c.so[0m
[4.444s] [ 44%] Built target micro_ros_msgs__rosidl_typesupport_introspection_c
[4.472s] [ 46%] [34m[1mGenerating C++ introspection for ROS interfaces[0m
[4.904s] [ 48%] [32mBuilding CXX object CMakeFiles/micro_ros_msgs__rosidl_typesupport_cpp.dir/rosidl_typesupport_cpp/micro_ros_msgs/msg/node__type_support.cpp.o[0m
[5.162s] [ 51%] [32mBuilding CXX object CMakeFiles/micro_ros_msgs__rosidl_typesupport_fastrtps_c.dir/rosidl_typesupport_fastrtps_c/micro_ros_msgs/msg/detail/node__type_support_c.cpp.o[0m
[5.740s] [ 53%] [32mBuilding CXX object CMakeFiles/micro_ros_msgs__rosidl_typesupport_cpp.dir/rosidl_typesupport_cpp/micro_ros_msgs/msg/entity__type_support.cpp.o[0m
[5.909s] [ 55%] [32mBuilding CXX object CMakeFiles/micro_ros_msgs__rosidl_typesupport_fastrtps_cpp.dir/rosidl_typesupport_fastrtps_cpp/micro_ros_msgs/msg/detail/dds_fastrtps/graph__type_support.cpp.o[0m
[5.916s] [ 57%] [32mBuilding CXX object CMakeFiles/micro_ros_msgs__rosidl_typesupport_introspection_cpp.dir/rosidl_typesupport_introspection_cpp/micro_ros_msgs/msg/detail/graph__type_support.cpp.o[0m
[6.428s] [ 59%] [32mBuilding CXX object CMakeFiles/micro_ros_msgs__rosidl_typesupport_fastrtps_c.dir/rosidl_typesupport_fastrtps_c/micro_ros_msgs/msg/detail/entity__type_support_c.cpp.o[0m
[6.612s] [ 61%] [32m[1mLinking CXX shared library libmicro_ros_msgs__rosidl_typesupport_cpp.so[0m
[6.722s] [ 61%] Built target micro_ros_msgs__rosidl_typesupport_cpp
[6.744s] [ 63%] [32mBuilding CXX object CMakeFiles/micro_ros_msgs__rosidl_typesupport_fastrtps_cpp.dir/rosidl_typesupport_fastrtps_cpp/micro_ros_msgs/msg/detail/dds_fastrtps/node__type_support.cpp.o[0m
[7.469s] [ 65%] [32mBuilding CXX object CMakeFiles/micro_ros_msgs__rosidl_typesupport_fastrtps_cpp.dir/rosidl_typesupport_fastrtps_cpp/micro_ros_msgs/msg/detail/dds_fastrtps/entity__type_support.cpp.o[0m
[7.490s] [ 68%] [32m[1mLinking CXX shared library libmicro_ros_msgs__rosidl_typesupport_fastrtps_c.so[0m
[7.649s] [ 70%] [32mBuilding CXX object CMakeFiles/micro_ros_msgs__rosidl_typesupport_introspection_cpp.dir/rosidl_typesupport_introspection_cpp/micro_ros_msgs/msg/detail/node__type_support.cpp.o[0m
[7.697s] [ 70%] Built target micro_ros_msgs__rosidl_typesupport_fastrtps_c
[7.718s] [ 72%] [32mBuilding CXX object CMakeFiles/micro_ros_msgs__rosidl_typesupport_introspection_cpp.dir/rosidl_typesupport_introspection_cpp/micro_ros_msgs/msg/detail/entity__type_support.cpp.o[0m
[9.008s] [ 74%] [32m[1mLinking CXX shared library libmicro_ros_msgs__rosidl_typesupport_fastrtps_cpp.so[0m
[9.164s] [ 74%] Built target micro_ros_msgs__rosidl_typesupport_fastrtps_cpp
[9.174s] [ 76%] [32m[1mLinking CXX shared library libmicro_ros_msgs__rosidl_typesupport_introspection_cpp.so[0m
[9.321s] [ 76%] Built target micro_ros_msgs__rosidl_typesupport_introspection_cpp
[9.370s] [ 76%] Built target micro_ros_msgs
[9.418s] [ 78%] [34m[1mGenerating Python code for ROS interfaces[0m
[10.458s] [ 78%] Built target micro_ros_msgs__py
[10.497s] [ 80%] [32mBuilding C object CMakeFiles/micro_ros_msgs__rosidl_generator_py.dir/rosidl_generator_py/micro_ros_msgs/msg/_graph_s.c.o[0m
[10.500s] [ 85%] [32mBuilding C object CMakeFiles/micro_ros_msgs__rosidl_generator_py.dir/rosidl_generator_py/micro_ros_msgs/msg/_node_s.c.o[0m
[10.501s] [ 85%] [32mBuilding C object CMakeFiles/micro_ros_msgs__rosidl_generator_py.dir/rosidl_generator_py/micro_ros_msgs/msg/_entity_s.c.o[0m
[10.836s] [ 87%] [32m[1mLinking C shared library rosidl_generator_py/micro_ros_msgs/libmicro_ros_msgs__rosidl_generator_py.so[0m
[10.926s] [ 87%] Built target micro_ros_msgs__rosidl_generator_py
[10.975s] [ 89%] [32mBuilding C object CMakeFiles/micro_ros_msgs__rosidl_typesupport_c__pyext.dir/rosidl_generator_py/micro_ros_msgs/_micro_ros_msgs_s.ep.rosidl_typesupport_c.c.o[0m
[10.976s] [ 91%] [32mBuilding C object CMakeFiles/micro_ros_msgs__rosidl_typesupport_fastrtps_c__pyext.dir/rosidl_generator_py/micro_ros_msgs/_micro_ros_msgs_s.ep.rosidl_typesupport_fastrtps_c.c.o[0m
[10.977s] [ 93%] [32mBuilding C object CMakeFiles/micro_ros_msgs__rosidl_typesupport_introspection_c__pyext.dir/rosidl_generator_py/micro_ros_msgs/_micro_ros_msgs_s.ep.rosidl_typesupport_introspection_c.c.o[0m
[11.205s] [ 95%] [32m[1mLinking C shared library rosidl_generator_py/micro_ros_msgs/micro_ros_msgs_s__rosidl_typesupport_fastrtps_c.cpython-310-x86_64-linux-gnu.so[0m
[11.241s] [ 97%] [32m[1mLinking C shared library rosidl_generator_py/micro_ros_msgs/micro_ros_msgs_s__rosidl_typesupport_c.cpython-310-x86_64-linux-gnu.so[0m
[11.254s] [100%] [32m[1mLinking C shared library rosidl_generator_py/micro_ros_msgs/micro_ros_msgs_s__rosidl_typesupport_introspection_c.cpython-310-x86_64-linux-gnu.so[0m
[11.295s] [100%] Built target micro_ros_msgs__rosidl_typesupport_fastrtps_c__pyext
[11.325s] [100%] Built target micro_ros_msgs__rosidl_typesupport_introspection_c__pyext
[11.325s] [100%] Built target micro_ros_msgs__rosidl_typesupport_c__pyext
[11.348s] Invoked command in '/home/akhil-rover/ws_test_microros/build/micro_ros_msgs' returned '0': CMAKE_PREFIX_PATH=${CMAKE_PREFIX_PATH}:/opt/ros/humble /usr/bin/cmake --build /home/akhil-rover/ws_test_microros/build/micro_ros_msgs -- -j4 -l4
[11.512s] Invoking command in '/home/akhil-rover/ws_test_microros/build/micro_ros_msgs': CMAKE_PREFIX_PATH=${CMAKE_PREFIX_PATH}:/opt/ros/humble /usr/bin/cmake --install /home/akhil-rover/ws_test_microros/build/micro_ros_msgs
[11.526s] -- Install configuration: ""
[11.527s] -- Installing: /home/akhil-rover/ws_test_microros/install/micro_ros_msgs/share/ament_index/resource_index/rosidl_interfaces/micro_ros_msgs
[11.527s] -- Installing: /home/akhil-rover/ws_test_microros/install/micro_ros_msgs/include/micro_ros_msgs/micro_ros_msgs
[11.527s] -- Installing: /home/akhil-rover/ws_test_microros/install/micro_ros_msgs/include/micro_ros_msgs/micro_ros_msgs/msg
[11.527s] -- Installing: /home/akhil-rover/ws_test_microros/install/micro_ros_msgs/include/micro_ros_msgs/micro_ros_msgs/msg/graph.h
[11.528s] -- Installing: /home/akhil-rover/ws_test_microros/install/micro_ros_msgs/include/micro_ros_msgs/micro_ros_msgs/msg/node.h
[11.528s] -- Installing: /home/akhil-rover/ws_test_microros/install/micro_ros_msgs/include/micro_ros_msgs/micro_ros_msgs/msg/entity.h
[11.528s] -- Installing: /home/akhil-rover/ws_test_microros/install/micro_ros_msgs/include/micro_ros_msgs/micro_ros_msgs/msg/detail
[11.529s] -- Installing: /home/akhil-rover/ws_test_microros/install/micro_ros_msgs/include/micro_ros_msgs/micro_ros_msgs/msg/detail/graph__functions.c
[11.529s] -- Installing: /home/akhil-rover/ws_test_microros/install/micro_ros_msgs/include/micro_ros_msgs/micro_ros_msgs/msg/detail/entity__functions.c
[11.529s] -- Installing: /home/akhil-rover/ws_test_microros/install/micro_ros_msgs/include/micro_ros_msgs/micro_ros_msgs/msg/detail/graph__functions.h
[11.529s] -- Installing: /home/akhil-rover/ws_test_microros/install/micro_ros_msgs/include/micro_ros_msgs/micro_ros_msgs/msg/detail/graph__struct.h
[11.529s] -- Installing: /home/akhil-rover/ws_test_microros/install/micro_ros_msgs/include/micro_ros_msgs/micro_ros_msgs/msg/detail/node__functions.c
[11.529s] -- Installing: /home/akhil-rover/ws_test_microros/install/micro_ros_msgs/include/micro_ros_msgs/micro_ros_msgs/msg/detail/node__functions.h
[11.530s] -- Installing: /home/akhil-rover/ws_test_microros/install/micro_ros_msgs/include/micro_ros_msgs/micro_ros_msgs/msg/detail/node__struct.h
[11.530s] -- Installing: /home/akhil-rover/ws_test_microros/install/micro_ros_msgs/include/micro_ros_msgs/micro_ros_msgs/msg/detail/entity__struct.h
[11.530s] -- Installing: /home/akhil-rover/ws_test_microros/install/micro_ros_msgs/include/micro_ros_msgs/micro_ros_msgs/msg/detail/entity__functions.h
[11.530s] -- Installing: /home/akhil-rover/ws_test_microros/install/micro_ros_msgs/include/micro_ros_msgs/micro_ros_msgs/msg/detail/graph__type_support.h
[11.530s] -- Installing: /home/akhil-rover/ws_test_microros/install/micro_ros_msgs/include/micro_ros_msgs/micro_ros_msgs/msg/detail/entity__type_support.h
[11.530s] -- Installing: /home/akhil-rover/ws_test_microros/install/micro_ros_msgs/include/micro_ros_msgs/micro_ros_msgs/msg/detail/node__type_support.h
[11.531s] -- Installing: /home/akhil-rover/ws_test_microros/install/micro_ros_msgs/include/micro_ros_msgs/micro_ros_msgs/msg/rosidl_generator_c__visibility_control.h
[11.531s] -- Installing: /home/akhil-rover/ws_test_microros/install/micro_ros_msgs/share/micro_ros_msgs/environment/library_path.sh
[11.532s] -- Installing: /home/akhil-rover/ws_test_microros/install/micro_ros_msgs/share/micro_ros_msgs/environment/library_path.dsv
[11.532s] -- Installing: /home/akhil-rover/ws_test_microros/install/micro_ros_msgs/lib/libmicro_ros_msgs__rosidl_generator_c.so
[11.532s] -- Set runtime path of "/home/akhil-rover/ws_test_microros/install/micro_ros_msgs/lib/libmicro_ros_msgs__rosidl_generator_c.so" to ""
[11.532s] -- Up-to-date: /home/akhil-rover/ws_test_microros/install/micro_ros_msgs/include/micro_ros_msgs/micro_ros_msgs
[11.532s] -- Up-to-date: /home/akhil-rover/ws_test_microros/install/micro_ros_msgs/include/micro_ros_msgs/micro_ros_msgs/msg
[11.532s] -- Up-to-date: /home/akhil-rover/ws_test_microros/install/micro_ros_msgs/include/micro_ros_msgs/micro_ros_msgs/msg/detail
[11.532s] -- Installing: /home/akhil-rover/ws_test_microros/install/micro_ros_msgs/include/micro_ros_msgs/micro_ros_msgs/msg/detail/graph__rosidl_typesupport_fastrtps_c.h
[11.533s] -- Installing: /home/akhil-rover/ws_test_microros/install/micro_ros_msgs/include/micro_ros_msgs/micro_ros_msgs/msg/detail/node__rosidl_typesupport_fastrtps_c.h
[11.533s] -- Installing: /home/akhil-rover/ws_test_microros/install/micro_ros_msgs/include/micro_ros_msgs/micro_ros_msgs/msg/detail/entity__rosidl_typesupport_fastrtps_c.h
[11.533s] -- Installing: /home/akhil-rover/ws_test_microros/install/micro_ros_msgs/include/micro_ros_msgs/micro_ros_msgs/msg/rosidl_typesupport_fastrtps_c__visibility_control.h
[11.533s] -- Installing: /home/akhil-rover/ws_test_microros/install/micro_ros_msgs/lib/libmicro_ros_msgs__rosidl_typesupport_fastrtps_c.so
[11.534s] -- Set runtime path of "/home/akhil-rover/ws_test_microros/install/micro_ros_msgs/lib/libmicro_ros_msgs__rosidl_typesupport_fastrtps_c.so" to ""
[11.534s] -- Up-to-date: /home/akhil-rover/ws_test_microros/install/micro_ros_msgs/include/micro_ros_msgs/micro_ros_msgs
[11.534s] -- Up-to-date: /home/akhil-rover/ws_test_microros/install/micro_ros_msgs/include/micro_ros_msgs/micro_ros_msgs/msg
[11.534s] -- Installing: /home/akhil-rover/ws_test_microros/install/micro_ros_msgs/include/micro_ros_msgs/micro_ros_msgs/msg/rosidl_typesupport_introspection_c__visibility_control.h
[11.534s] -- Up-to-date: /home/akhil-rover/ws_test_microros/install/micro_ros_msgs/include/micro_ros_msgs/micro_ros_msgs/msg/detail
[11.534s] -- Installing: /home/akhil-rover/ws_test_microros/install/micro_ros_msgs/include/micro_ros_msgs/micro_ros_msgs/msg/detail/entity__rosidl_typesupport_introspection_c.h
[11.534s] -- Installing: /home/akhil-rover/ws_test_microros/install/micro_ros_msgs/include/micro_ros_msgs/micro_ros_msgs/msg/detail/entity__type_support.c
[11.535s] -- Installing: /home/akhil-rover/ws_test_microros/install/micro_ros_msgs/include/micro_ros_msgs/micro_ros_msgs/msg/detail/node__rosidl_typesupport_introspection_c.h
[11.535s] -- Installing: /home/akhil-rover/ws_test_microros/install/micro_ros_msgs/include/micro_ros_msgs/micro_ros_msgs/msg/detail/node__type_support.c
[11.535s] -- Installing: /home/akhil-rover/ws_test_microros/install/micro_ros_msgs/include/micro_ros_msgs/micro_ros_msgs/msg/detail/graph__rosidl_typesupport_introspection_c.h
[11.535s] -- Installing: /home/akhil-rover/ws_test_microros/install/micro_ros_msgs/include/micro_ros_msgs/micro_ros_msgs/msg/detail/graph__type_support.c
[11.535s] -- Installing: /home/akhil-rover/ws_test_microros/install/micro_ros_msgs/lib/libmicro_ros_msgs__rosidl_typesupport_introspection_c.so
[11.536s] -- Set runtime path of "/home/akhil-rover/ws_test_microros/install/micro_ros_msgs/lib/libmicro_ros_msgs__rosidl_typesupport_introspection_c.so" to ""
[11.536s] -- Installing: /home/akhil-rover/ws_test_microros/install/micro_ros_msgs/lib/libmicro_ros_msgs__rosidl_typesupport_c.so
[11.536s] -- Set runtime path of "/home/akhil-rover/ws_test_microros/install/micro_ros_msgs/lib/libmicro_ros_msgs__rosidl_typesupport_c.so" to ""
[11.536s] -- Up-to-date: /home/akhil-rover/ws_test_microros/install/micro_ros_msgs/include/micro_ros_msgs/micro_ros_msgs
[11.536s] -- Up-to-date: /home/akhil-rover/ws_test_microros/install/micro_ros_msgs/include/micro_ros_msgs/micro_ros_msgs/msg
[11.536s] -- Up-to-date: /home/akhil-rover/ws_test_microros/install/micro_ros_msgs/include/micro_ros_msgs/micro_ros_msgs/msg/detail
[11.537s] -- Installing: /home/akhil-rover/ws_test_microros/install/micro_ros_msgs/include/micro_ros_msgs/micro_ros_msgs/msg/detail/node__struct.hpp
[11.537s] -- Installing: /home/akhil-rover/ws_test_microros/install/micro_ros_msgs/include/micro_ros_msgs/micro_ros_msgs/msg/detail/graph__builder.hpp
[11.537s] -- Installing: /home/akhil-rover/ws_test_microros/install/micro_ros_msgs/include/micro_ros_msgs/micro_ros_msgs/msg/detail/entity__struct.hpp
[11.537s] -- Installing: /home/akhil-rover/ws_test_microros/install/micro_ros_msgs/include/micro_ros_msgs/micro_ros_msgs/msg/detail/entity__builder.hpp
[11.537s] -- Installing: /home/akhil-rover/ws_test_microros/install/micro_ros_msgs/include/micro_ros_msgs/micro_ros_msgs/msg/detail/node__traits.hpp
[11.537s] -- Installing: /home/akhil-rover/ws_test_microros/install/micro_ros_msgs/include/micro_ros_msgs/micro_ros_msgs/msg/detail/node__builder.hpp
[11.537s] -- Installing: /home/akhil-rover/ws_test_microros/install/micro_ros_msgs/include/micro_ros_msgs/micro_ros_msgs/msg/detail/graph__struct.hpp
[11.538s] -- Installing: /home/akhil-rover/ws_test_microros/install/micro_ros_msgs/include/micro_ros_msgs/micro_ros_msgs/msg/detail/entity__traits.hpp
[11.538s] -- Installing: /home/akhil-rover/ws_test_microros/install/micro_ros_msgs/include/micro_ros_msgs/micro_ros_msgs/msg/detail/graph__traits.hpp
[11.538s] -- Installing: /home/akhil-rover/ws_test_microros/install/micro_ros_msgs/include/micro_ros_msgs/micro_ros_msgs/msg/entity.hpp
[11.538s] -- Installing: /home/akhil-rover/ws_test_microros/install/micro_ros_msgs/include/micro_ros_msgs/micro_ros_msgs/msg/node.hpp
[11.538s] -- Installing: /home/akhil-rover/ws_test_microros/install/micro_ros_msgs/include/micro_ros_msgs/micro_ros_msgs/msg/graph.hpp
[11.538s] -- Up-to-date: /home/akhil-rover/ws_test_microros/install/micro_ros_msgs/include/micro_ros_msgs/micro_ros_msgs
[11.539s] -- Up-to-date: /home/akhil-rover/ws_test_microros/install/micro_ros_msgs/include/micro_ros_msgs/micro_ros_msgs/msg
[11.539s] -- Installing: /home/akhil-rover/ws_test_microros/install/micro_ros_msgs/include/micro_ros_msgs/micro_ros_msgs/msg/rosidl_typesupport_fastrtps_cpp__visibility_control.h
[11.539s] -- Up-to-date: /home/akhil-rover/ws_test_microros/install/micro_ros_msgs/include/micro_ros_msgs/micro_ros_msgs/msg/detail
[11.539s] -- Installing: /home/akhil-rover/ws_test_microros/install/micro_ros_msgs/include/micro_ros_msgs/micro_ros_msgs/msg/detail/dds_fastrtps
[11.540s] -- Installing: /home/akhil-rover/ws_test_microros/install/micro_ros_msgs/include/micro_ros_msgs/micro_ros_msgs/msg/detail/node__rosidl_typesupport_fastrtps_cpp.hpp
[11.540s] -- Installing: /home/akhil-rover/ws_test_microros/install/micro_ros_msgs/include/micro_ros_msgs/micro_ros_msgs/msg/detail/graph__rosidl_typesupport_fastrtps_cpp.hpp
[11.540s] -- Installing: /home/akhil-rover/ws_test_microros/install/micro_ros_msgs/include/micro_ros_msgs/micro_ros_msgs/msg/detail/entity__rosidl_typesupport_fastrtps_cpp.hpp
[11.540s] -- Installing: /home/akhil-rover/ws_test_microros/install/micro_ros_msgs/lib/libmicro_ros_msgs__rosidl_typesupport_fastrtps_cpp.so
[11.541s] -- Set runtime path of "/home/akhil-rover/ws_test_microros/install/micro_ros_msgs/lib/libmicro_ros_msgs__rosidl_typesupport_fastrtps_cpp.so" to ""
[11.541s] -- Up-to-date: /home/akhil-rover/ws_test_microros/install/micro_ros_msgs/include/micro_ros_msgs/micro_ros_msgs
[11.541s] -- Up-to-date: /home/akhil-rover/ws_test_microros/install/micro_ros_msgs/include/micro_ros_msgs/micro_ros_msgs/msg
[11.541s] -- Up-to-date: /home/akhil-rover/ws_test_microros/install/micro_ros_msgs/include/micro_ros_msgs/micro_ros_msgs/msg/detail
[11.541s] -- Installing: /home/akhil-rover/ws_test_microros/install/micro_ros_msgs/include/micro_ros_msgs/micro_ros_msgs/msg/detail/node__rosidl_typesupport_introspection_cpp.hpp
[11.541s] -- Installing: /home/akhil-rover/ws_test_microros/install/micro_ros_msgs/include/micro_ros_msgs/micro_ros_msgs/msg/detail/graph__rosidl_typesupport_introspection_cpp.hpp
[11.541s] -- Installing: /home/akhil-rover/ws_test_microros/install/micro_ros_msgs/include/micro_ros_msgs/micro_ros_msgs/msg/detail/node__type_support.cpp
[11.542s] -- Installing: /home/akhil-rover/ws_test_microros/install/micro_ros_msgs/include/micro_ros_msgs/micro_ros_msgs/msg/detail/graph__type_support.cpp
[11.542s] -- Installing: /home/akhil-rover/ws_test_microros/install/micro_ros_msgs/include/micro_ros_msgs/micro_ros_msgs/msg/detail/entity__rosidl_typesupport_introspection_cpp.hpp
[11.542s] -- Installing: /home/akhil-rover/ws_test_microros/install/micro_ros_msgs/include/micro_ros_msgs/micro_ros_msgs/msg/detail/entity__type_support.cpp
[11.542s] -- Installing: /home/akhil-rover/ws_test_microros/install/micro_ros_msgs/lib/libmicro_ros_msgs__rosidl_typesupport_introspection_cpp.so
[11.543s] -- Set runtime path of "/home/akhil-rover/ws_test_microros/install/micro_ros_msgs/lib/libmicro_ros_msgs__rosidl_typesupport_introspection_cpp.so" to ""
[11.543s] -- Installing: /home/akhil-rover/ws_test_microros/install/micro_ros_msgs/lib/libmicro_ros_msgs__rosidl_typesupport_cpp.so
[11.543s] -- Set runtime path of "/home/akhil-rover/ws_test_microros/install/micro_ros_msgs/lib/libmicro_ros_msgs__rosidl_typesupport_cpp.so" to ""
[11.543s] -- Installing: /home/akhil-rover/ws_test_microros/install/micro_ros_msgs/share/micro_ros_msgs/environment/pythonpath.sh
[11.543s] -- Installing: /home/akhil-rover/ws_test_microros/install/micro_ros_msgs/share/micro_ros_msgs/environment/pythonpath.dsv
[11.543s] -- Installing: /home/akhil-rover/ws_test_microros/install/micro_ros_msgs/local/lib/python3.10/dist-packages/micro_ros_msgs-3.0.1-py3.10.egg-info
[11.544s] -- Installing: /home/akhil-rover/ws_test_microros/install/micro_ros_msgs/local/lib/python3.10/dist-packages/micro_ros_msgs-3.0.1-py3.10.egg-info/PKG-INFO
[11.544s] -- Installing: /home/akhil-rover/ws_test_microros/install/micro_ros_msgs/local/lib/python3.10/dist-packages/micro_ros_msgs-3.0.1-py3.10.egg-info/top_level.txt
[11.544s] -- Installing: /home/akhil-rover/ws_test_microros/install/micro_ros_msgs/local/lib/python3.10/dist-packages/micro_ros_msgs-3.0.1-py3.10.egg-info/SOURCES.txt
[11.544s] -- Installing: /home/akhil-rover/ws_test_microros/install/micro_ros_msgs/local/lib/python3.10/dist-packages/micro_ros_msgs-3.0.1-py3.10.egg-info/dependency_links.txt
[11.544s] -- Installing: /home/akhil-rover/ws_test_microros/install/micro_ros_msgs/local/lib/python3.10/dist-packages/micro_ros_msgs
[11.544s] -- Installing: /home/akhil-rover/ws_test_microros/install/micro_ros_msgs/local/lib/python3.10/dist-packages/micro_ros_msgs/libmicro_ros_msgs__rosidl_generator_py.so
[11.544s] -- Installing: /home/akhil-rover/ws_test_microros/install/micro_ros_msgs/local/lib/python3.10/dist-packages/micro_ros_msgs/__init__.py
[11.545s] -- Installing: /home/akhil-rover/ws_test_microros/install/micro_ros_msgs/local/lib/python3.10/dist-packages/micro_ros_msgs/micro_ros_msgs_s__rosidl_typesupport_c.cpython-310-x86_64-linux-gnu.so
[11.545s] -- Installing: /home/akhil-rover/ws_test_microros/install/micro_ros_msgs/local/lib/python3.10/dist-packages/micro_ros_msgs/_micro_ros_msgs_s.ep.rosidl_typesupport_c.c
[11.545s] -- Installing: /home/akhil-rover/ws_test_microros/install/micro_ros_msgs/local/lib/python3.10/dist-packages/micro_ros_msgs/micro_ros_msgs_s__rosidl_typesupport_introspection_c.cpython-310-x86_64-linux-gnu.so
[11.545s] -- Installing: /home/akhil-rover/ws_test_microros/install/micro_ros_msgs/local/lib/python3.10/dist-packages/micro_ros_msgs/_micro_ros_msgs_s.ep.rosidl_typesupport_introspection_c.c
[11.545s] -- Installing: /home/akhil-rover/ws_test_microros/install/micro_ros_msgs/local/lib/python3.10/dist-packages/micro_ros_msgs/micro_ros_msgs_s__rosidl_typesupport_fastrtps_c.cpython-310-x86_64-linux-gnu.so
[11.545s] -- Installing: /home/akhil-rover/ws_test_microros/install/micro_ros_msgs/local/lib/python3.10/dist-packages/micro_ros_msgs/msg
[11.545s] -- Installing: /home/akhil-rover/ws_test_microros/install/micro_ros_msgs/local/lib/python3.10/dist-packages/micro_ros_msgs/msg/__init__.py
[11.546s] -- Installing: /home/akhil-rover/ws_test_microros/install/micro_ros_msgs/local/lib/python3.10/dist-packages/micro_ros_msgs/msg/_node.py
[11.546s] -- Installing: /home/akhil-rover/ws_test_microros/install/micro_ros_msgs/local/lib/python3.10/dist-packages/micro_ros_msgs/msg/_graph.py
[11.546s] -- Installing: /home/akhil-rover/ws_test_microros/install/micro_ros_msgs/local/lib/python3.10/dist-packages/micro_ros_msgs/msg/_node_s.c
[11.546s] -- Installing: /home/akhil-rover/ws_test_microros/install/micro_ros_msgs/local/lib/python3.10/dist-packages/micro_ros_msgs/msg/_entity.py
[11.547s] -- Installing: /home/akhil-rover/ws_test_microros/install/micro_ros_msgs/local/lib/python3.10/dist-packages/micro_ros_msgs/msg/_entity_s.c
[11.547s] -- Installing: /home/akhil-rover/ws_test_microros/install/micro_ros_msgs/local/lib/python3.10/dist-packages/micro_ros_msgs/msg/_graph_s.c
[11.547s] -- Installing: /home/akhil-rover/ws_test_microros/install/micro_ros_msgs/local/lib/python3.10/dist-packages/micro_ros_msgs/_micro_ros_msgs_s.ep.rosidl_typesupport_fastrtps_c.c
[11.611s] Listing '/home/akhil-rover/ws_test_microros/install/micro_ros_msgs/local/lib/python3.10/dist-packages/micro_ros_msgs'...
[11.611s] Compiling '/home/akhil-rover/ws_test_microros/install/micro_ros_msgs/local/lib/python3.10/dist-packages/micro_ros_msgs/__init__.py'...
[11.611s] Listing '/home/akhil-rover/ws_test_microros/install/micro_ros_msgs/local/lib/python3.10/dist-packages/micro_ros_msgs/msg'...
[11.611s] Compiling '/home/akhil-rover/ws_test_microros/install/micro_ros_msgs/local/lib/python3.10/dist-packages/micro_ros_msgs/msg/__init__.py'...
[11.611s] Compiling '/home/akhil-rover/ws_test_microros/install/micro_ros_msgs/local/lib/python3.10/dist-packages/micro_ros_msgs/msg/_entity.py'...
[11.612s] Compiling '/home/akhil-rover/ws_test_microros/install/micro_ros_msgs/local/lib/python3.10/dist-packages/micro_ros_msgs/msg/_graph.py'...
[11.612s] Compiling '/home/akhil-rover/ws_test_microros/install/micro_ros_msgs/local/lib/python3.10/dist-packages/micro_ros_msgs/msg/_node.py'...
[11.618s] -- Installing: /home/akhil-rover/ws_test_microros/install/micro_ros_msgs/local/lib/python3.10/dist-packages/micro_ros_msgs/micro_ros_msgs_s__rosidl_typesupport_fastrtps_c.cpython-310-x86_64-linux-gnu.so
[11.618s] -- Set runtime path of "/home/akhil-rover/ws_test_microros/install/micro_ros_msgs/local/lib/python3.10/dist-packages/micro_ros_msgs/micro_ros_msgs_s__rosidl_typesupport_fastrtps_c.cpython-310-x86_64-linux-gnu.so" to ""
[11.618s] -- Installing: /home/akhil-rover/ws_test_microros/install/micro_ros_msgs/local/lib/python3.10/dist-packages/micro_ros_msgs/micro_ros_msgs_s__rosidl_typesupport_introspection_c.cpython-310-x86_64-linux-gnu.so
[11.619s] -- Set runtime path of "/home/akhil-rover/ws_test_microros/install/micro_ros_msgs/local/lib/python3.10/dist-packages/micro_ros_msgs/micro_ros_msgs_s__rosidl_typesupport_introspection_c.cpython-310-x86_64-linux-gnu.so" to ""
[11.619s] -- Installing: /home/akhil-rover/ws_test_microros/install/micro_ros_msgs/local/lib/python3.10/dist-packages/micro_ros_msgs/micro_ros_msgs_s__rosidl_typesupport_c.cpython-310-x86_64-linux-gnu.so
[11.620s] -- Set runtime path of "/home/akhil-rover/ws_test_microros/install/micro_ros_msgs/local/lib/python3.10/dist-packages/micro_ros_msgs/micro_ros_msgs_s__rosidl_typesupport_c.cpython-310-x86_64-linux-gnu.so" to ""
[11.620s] -- Installing: /home/akhil-rover/ws_test_microros/install/micro_ros_msgs/lib/libmicro_ros_msgs__rosidl_generator_py.so
[11.620s] -- Set runtime path of "/home/akhil-rover/ws_test_microros/install/micro_ros_msgs/lib/libmicro_ros_msgs__rosidl_generator_py.so" to ""
[11.621s] -- Installing: /home/akhil-rover/ws_test_microros/install/micro_ros_msgs/share/micro_ros_msgs/msg/Graph.idl
[11.622s] -- Installing: /home/akhil-rover/ws_test_microros/install/micro_ros_msgs/share/micro_ros_msgs/msg/Node.idl
[11.622s] -- Installing: /home/akhil-rover/ws_test_microros/install/micro_ros_msgs/share/micro_ros_msgs/msg/Entity.idl
[11.623s] -- Installing: /home/akhil-rover/ws_test_microros/install/micro_ros_msgs/share/micro_ros_msgs/msg/Graph.msg
[11.623s] -- Installing: /home/akhil-rover/ws_test_microros/install/micro_ros_msgs/share/micro_ros_msgs/msg/Node.msg
[11.624s] -- Installing: /home/akhil-rover/ws_test_microros/install/micro_ros_msgs/share/micro_ros_msgs/msg/Entity.msg
[11.624s] -- Installing: /home/akhil-rover/ws_test_microros/install/micro_ros_msgs/share/ament_index/resource_index/package_run_dependencies/micro_ros_msgs
[11.625s] -- Installing: /home/akhil-rover/ws_test_microros/install/micro_ros_msgs/share/ament_index/resource_index/parent_prefix_path/micro_ros_msgs
[11.625s] -- Installing: /home/akhil-rover/ws_test_microros/install/micro_ros_msgs/share/micro_ros_msgs/environment/ament_prefix_path.sh
[11.625s] -- Installing: /home/akhil-rover/ws_test_microros/install/micro_ros_msgs/share/micro_ros_msgs/environment/ament_prefix_path.dsv
[11.625s] -- Installing: /home/akhil-rover/ws_test_microros/install/micro_ros_msgs/share/micro_ros_msgs/environment/path.sh
[11.626s] -- Installing: /home/akhil-rover/ws_test_microros/install/micro_ros_msgs/share/micro_ros_msgs/environment/path.dsv
[11.626s] -- Installing: /home/akhil-rover/ws_test_microros/install/micro_ros_msgs/share/micro_ros_msgs/local_setup.bash
[11.626s] -- Installing: /home/akhil-rover/ws_test_microros/install/micro_ros_msgs/share/micro_ros_msgs/local_setup.sh
[11.626s] -- Installing: /home/akhil-rover/ws_test_microros/install/micro_ros_msgs/share/micro_ros_msgs/local_setup.zsh
[11.627s] -- Installing: /home/akhil-rover/ws_test_microros/install/micro_ros_msgs/share/micro_ros_msgs/local_setup.dsv
[11.627s] -- Installing: /home/akhil-rover/ws_test_microros/install/micro_ros_msgs/share/micro_ros_msgs/package.dsv
[11.627s] -- Installing: /home/akhil-rover/ws_test_microros/install/micro_ros_msgs/share/ament_index/resource_index/packages/micro_ros_msgs
[11.627s] -- Installing: /home/akhil-rover/ws_test_microros/install/micro_ros_msgs/share/micro_ros_msgs/cmake/export_micro_ros_msgs__rosidl_generator_cExport.cmake
[11.628s] -- Installing: /home/akhil-rover/ws_test_microros/install/micro_ros_msgs/share/micro_ros_msgs/cmake/export_micro_ros_msgs__rosidl_generator_cExport-noconfig.cmake
[11.628s] -- Installing: /home/akhil-rover/ws_test_microros/install/micro_ros_msgs/share/micro_ros_msgs/cmake/export_micro_ros_msgs__rosidl_typesupport_fastrtps_cExport.cmake
[11.628s] -- Installing: /home/akhil-rover/ws_test_microros/install/micro_ros_msgs/share/micro_ros_msgs/cmake/export_micro_ros_msgs__rosidl_typesupport_fastrtps_cExport-noconfig.cmake
[11.628s] -- Installing: /home/akhil-rover/ws_test_microros/install/micro_ros_msgs/share/micro_ros_msgs/cmake/micro_ros_msgs__rosidl_typesupport_introspection_cExport.cmake
[11.629s] -- Installing: /home/akhil-rover/ws_test_microros/install/micro_ros_msgs/share/micro_ros_msgs/cmake/micro_ros_msgs__rosidl_typesupport_introspection_cExport-noconfig.cmake
[11.629s] -- Installing: /home/akhil-rover/ws_test_microros/install/micro_ros_msgs/share/micro_ros_msgs/cmake/micro_ros_msgs__rosidl_typesupport_cExport.cmake
[11.629s] -- Installing: /home/akhil-rover/ws_test_microros/install/micro_ros_msgs/share/micro_ros_msgs/cmake/micro_ros_msgs__rosidl_typesupport_cExport-noconfig.cmake
[11.629s] -- Installing: /home/akhil-rover/ws_test_microros/install/micro_ros_msgs/share/micro_ros_msgs/cmake/export_micro_ros_msgs__rosidl_generator_cppExport.cmake
[11.629s] -- Installing: /home/akhil-rover/ws_test_microros/install/micro_ros_msgs/share/micro_ros_msgs/cmake/export_micro_ros_msgs__rosidl_typesupport_fastrtps_cppExport.cmake
[11.629s] -- Installing: /home/akhil-rover/ws_test_microros/install/micro_ros_msgs/share/micro_ros_msgs/cmake/export_micro_ros_msgs__rosidl_typesupport_fastrtps_cppExport-noconfig.cmake
[11.629s] -- Installing: /home/akhil-rover/ws_test_microros/install/micro_ros_msgs/share/micro_ros_msgs/cmake/micro_ros_msgs__rosidl_typesupport_introspection_cppExport.cmake
[11.630s] -- Installing: /home/akhil-rover/ws_test_microros/install/micro_ros_msgs/share/micro_ros_msgs/cmake/micro_ros_msgs__rosidl_typesupport_introspection_cppExport-noconfig.cmake
[11.630s] -- Installing: /home/akhil-rover/ws_test_microros/install/micro_ros_msgs/share/micro_ros_msgs/cmake/micro_ros_msgs__rosidl_typesupport_cppExport.cmake
[11.630s] -- Installing: /home/akhil-rover/ws_test_microros/install/micro_ros_msgs/share/micro_ros_msgs/cmake/micro_ros_msgs__rosidl_typesupport_cppExport-noconfig.cmake
[11.630s] -- Installing: /home/akhil-rover/ws_test_microros/install/micro_ros_msgs/share/micro_ros_msgs/cmake/export_micro_ros_msgs__rosidl_generator_pyExport.cmake
[11.630s] -- Installing: /home/akhil-rover/ws_test_microros/install/micro_ros_msgs/share/micro_ros_msgs/cmake/export_micro_ros_msgs__rosidl_generator_pyExport-noconfig.cmake
[11.631s] -- Installing: /home/akhil-rover/ws_test_microros/install/micro_ros_msgs/share/micro_ros_msgs/cmake/rosidl_cmake-extras.cmake
[11.631s] -- Installing: /home/akhil-rover/ws_test_microros/install/micro_ros_msgs/share/micro_ros_msgs/cmake/ament_cmake_export_include_directories-extras.cmake
[11.631s] -- Installing: /home/akhil-rover/ws_test_microros/install/micro_ros_msgs/share/micro_ros_msgs/cmake/ament_cmake_export_libraries-extras.cmake
[11.631s] -- Installing: /home/akhil-rover/ws_test_microros/install/micro_ros_msgs/share/micro_ros_msgs/cmake/ament_cmake_export_targets-extras.cmake
[11.631s] -- Installing: /home/akhil-rover/ws_test_microros/install/micro_ros_msgs/share/micro_ros_msgs/cmake/rosidl_cmake_export_typesupport_targets-extras.cmake
[11.631s] -- Installing: /home/akhil-rover/ws_test_microros/install/micro_ros_msgs/share/micro_ros_msgs/cmake/ament_cmake_export_dependencies-extras.cmake
[11.631s] -- Installing: /home/akhil-rover/ws_test_microros/install/micro_ros_msgs/share/micro_ros_msgs/cmake/rosidl_cmake_export_typesupport_libraries-extras.cmake
[11.632s] -- Installing: /home/akhil-rover/ws_test_microros/install/micro_ros_msgs/share/micro_ros_msgs/cmake/micro_ros_msgsConfig.cmake
[11.632s] -- Installing: /home/akhil-rover/ws_test_microros/install/micro_ros_msgs/share/micro_ros_msgs/cmake/micro_ros_msgsConfig-version.cmake
[11.632s] -- Installing: /home/akhil-rover/ws_test_microros/install/micro_ros_msgs/share/micro_ros_msgs/package.xml
[11.635s] Invoked command in '/home/akhil-rover/ws_test_microros/build/micro_ros_msgs' returned '0': CMAKE_PREFIX_PATH=${CMAKE_PREFIX_PATH}:/opt/ros/humble /usr/bin/cmake --install /home/akhil-rover/ws_test_microros/build/micro_ros_msgs
