[1.298s] DEBUG:colcon:Command line arguments: ['/usr/bin/colcon', 'build']
[1.298s] DEBUG:colcon:Parsed command line arguments: Namespace(log_base=None, log_level=None, verb_name='build', build_base='build', install_base='install', merge_install=False, symlink_install=False, test_result_base=None, continue_on_error=False, executor='parallel', parallel_workers=4, event_handlers=None, ignore_user_meta=False, metas=['./colcon.meta'], base_paths=['.'], packages_ignore=None, packages_ignore_regex=None, paths=None, packages_up_to=None, packages_up_to_regex=None, packages_above=None, packages_above_and_dependencies=None, packages_above_depth=None, packages_select_by_dep=None, packages_skip_by_dep=None, packages_skip_up_to=None, packages_select_build_failed=False, packages_skip_build_finished=False, packages_select_test_failures=False, packages_skip_test_passed=False, packages_select=None, packages_skip=None, packages_select_regex=None, packages_skip_regex=None, packages_start=None, packages_end=None, allow_overriding=[], cmake_args=None, cmake_target=None, cmake_target_skip_unavailable=False, cmake_clean_cache=False, cmake_clean_first=False, cmake_force_configure=False, ament_cmake_args=None, catkin_cmake_args=None, catkin_skip_building_tests=False, verb_parser=<colcon_defaults.argument_parser.defaults.DefaultArgumentsDecorator object at 0x7f1fdb189330>, verb_extension=<colcon_core.verb.build.BuildVerb object at 0x7f1fdb5e3af0>, main=<bound method BuildVerb.main of <colcon_core.verb.build.BuildVerb object at 0x7f1fdb5e3af0>>)
[1.377s] Level 1:colcon.colcon_core.package_discovery:discover_packages(colcon_meta) check parameters
[1.377s] Level 1:colcon.colcon_core.package_discovery:discover_packages(recursive) check parameters
[1.377s] Level 1:colcon.colcon_core.package_discovery:discover_packages(ignore) check parameters
[1.377s] Level 1:colcon.colcon_core.package_discovery:discover_packages(path) check parameters
[1.377s] Level 1:colcon.colcon_core.package_discovery:discover_packages(colcon_meta) discover
[1.377s] Level 1:colcon.colcon_core.package_discovery:discover_packages(recursive) discover
[1.377s] INFO:colcon.colcon_core.package_discovery:Crawling recursively for packages in '/home/akhil-rover/ws_test_microros'
[1.377s] Level 1:colcon.colcon_core.package_identification:_identify(.) by extensions ['ignore', 'ignore_ament_install']
[1.377s] Level 1:colcon.colcon_core.package_identification:_identify(.) by extension 'ignore'
[1.377s] Level 1:colcon.colcon_core.package_identification:_identify(.) by extension 'ignore_ament_install'
[1.378s] Level 1:colcon.colcon_core.package_identification:_identify(.) by extensions ['colcon_pkg']
[1.378s] Level 1:colcon.colcon_core.package_identification:_identify(.) by extension 'colcon_pkg'
[1.378s] Level 1:colcon.colcon_core.package_identification:_identify(.) by extensions ['colcon_meta']
[1.378s] Level 1:colcon.colcon_core.package_identification:_identify(.) by extension 'colcon_meta'
[1.378s] Level 1:colcon.colcon_core.package_identification:_identify(.) by extensions ['ros']
[1.378s] Level 1:colcon.colcon_core.package_identification:_identify(.) by extension 'ros'
[1.393s] Level 1:colcon.colcon_core.package_identification:_identify(.) by extensions ['cmake', 'python']
[1.393s] Level 1:colcon.colcon_core.package_identification:_identify(.) by extension 'cmake'
[1.393s] Level 1:colcon.colcon_core.package_identification:_identify(.) by extension 'python'
[1.393s] Level 1:colcon.colcon_core.package_identification:_identify(.) by extensions ['python_setup_py']
[1.393s] Level 1:colcon.colcon_core.package_identification:_identify(.) by extension 'python_setup_py'
[1.393s] Level 1:colcon.colcon_core.package_identification:_identify(build) by extensions ['ignore', 'ignore_ament_install']
[1.393s] Level 1:colcon.colcon_core.package_identification:_identify(build) by extension 'ignore'
[1.393s] Level 1:colcon.colcon_core.package_identification:_identify(build) ignored
[1.394s] Level 1:colcon.colcon_core.package_identification:_identify(install) by extensions ['ignore', 'ignore_ament_install']
[1.394s] Level 1:colcon.colcon_core.package_identification:_identify(install) by extension 'ignore'
[1.394s] Level 1:colcon.colcon_core.package_identification:_identify(install) ignored
[1.394s] Level 1:colcon.colcon_core.package_identification:_identify(log) by extensions ['ignore', 'ignore_ament_install']
[1.394s] Level 1:colcon.colcon_core.package_identification:_identify(log) by extension 'ignore'
[1.394s] Level 1:colcon.colcon_core.package_identification:_identify(log) ignored
[1.394s] Level 1:colcon.colcon_core.package_identification:_identify(src) by extensions ['ignore', 'ignore_ament_install']
[1.395s] Level 1:colcon.colcon_core.package_identification:_identify(src) by extension 'ignore'
[1.395s] Level 1:colcon.colcon_core.package_identification:_identify(src) by extension 'ignore_ament_install'
[1.395s] Level 1:colcon.colcon_core.package_identification:_identify(src) by extensions ['colcon_pkg']
[1.395s] Level 1:colcon.colcon_core.package_identification:_identify(src) by extension 'colcon_pkg'
[1.395s] Level 1:colcon.colcon_core.package_identification:_identify(src) by extensions ['colcon_meta']
[1.395s] Level 1:colcon.colcon_core.package_identification:_identify(src) by extension 'colcon_meta'
[1.395s] Level 1:colcon.colcon_core.package_identification:_identify(src) by extensions ['ros']
[1.395s] Level 1:colcon.colcon_core.package_identification:_identify(src) by extension 'ros'
[1.395s] Level 1:colcon.colcon_core.package_identification:_identify(src) by extensions ['cmake', 'python']
[1.395s] Level 1:colcon.colcon_core.package_identification:_identify(src) by extension 'cmake'
[1.395s] Level 1:colcon.colcon_core.package_identification:_identify(src) by extension 'python'
[1.395s] Level 1:colcon.colcon_core.package_identification:_identify(src) by extensions ['python_setup_py']
[1.395s] Level 1:colcon.colcon_core.package_identification:_identify(src) by extension 'python_setup_py'
[1.396s] Level 1:colcon.colcon_core.package_identification:_identify(src/micro_ros_setup) by extensions ['ignore', 'ignore_ament_install']
[1.396s] Level 1:colcon.colcon_core.package_identification:_identify(src/micro_ros_setup) by extension 'ignore'
[1.396s] Level 1:colcon.colcon_core.package_identification:_identify(src/micro_ros_setup) by extension 'ignore_ament_install'
[1.396s] Level 1:colcon.colcon_core.package_identification:_identify(src/micro_ros_setup) by extensions ['colcon_pkg']
[1.396s] Level 1:colcon.colcon_core.package_identification:_identify(src/micro_ros_setup) by extension 'colcon_pkg'
[1.396s] Level 1:colcon.colcon_core.package_identification:_identify(src/micro_ros_setup) by extensions ['colcon_meta']
[1.396s] Level 1:colcon.colcon_core.package_identification:_identify(src/micro_ros_setup) by extension 'colcon_meta'
[1.396s] Level 1:colcon.colcon_core.package_identification:_identify(src/micro_ros_setup) by extensions ['ros']
[1.396s] Level 1:colcon.colcon_core.package_identification:_identify(src/micro_ros_setup) by extension 'ros'
[1.401s] DEBUG:colcon.colcon_core.package_identification:Package 'src/micro_ros_setup' with type 'ros.ament_cmake' and name 'micro_ros_setup'
[1.401s] Level 1:colcon.colcon_core.package_discovery:discover_packages(recursive) using defaults
[1.401s] Level 1:colcon.colcon_core.package_discovery:discover_packages(ignore) discover
[1.401s] Level 1:colcon.colcon_core.package_discovery:discover_packages(ignore) using defaults
[1.401s] Level 1:colcon.colcon_core.package_discovery:discover_packages(path) discover
[1.401s] Level 1:colcon.colcon_core.package_discovery:discover_packages(path) using defaults
[1.524s] Level 1:colcon.colcon_core.package_discovery:discover_packages(prefix_path) check parameters
[1.524s] Level 1:colcon.colcon_core.package_discovery:discover_packages(prefix_path) discover
[1.563s] DEBUG:colcon.colcon_installed_package_information.package_discovery:Found 270 installed packages in /opt/ros/humble
[1.565s] Level 1:colcon.colcon_core.package_discovery:discover_packages(prefix_path) using defaults
[1.700s] Level 5:colcon.colcon_core.verb:set package 'micro_ros_setup' build argument 'cmake_args' from command line to 'None'
[1.700s] Level 5:colcon.colcon_core.verb:set package 'micro_ros_setup' build argument 'cmake_target' from command line to 'None'
[1.700s] Level 5:colcon.colcon_core.verb:set package 'micro_ros_setup' build argument 'cmake_target_skip_unavailable' from command line to 'False'
[1.700s] Level 5:colcon.colcon_core.verb:set package 'micro_ros_setup' build argument 'cmake_clean_cache' from command line to 'False'
[1.700s] Level 5:colcon.colcon_core.verb:set package 'micro_ros_setup' build argument 'cmake_clean_first' from command line to 'False'
[1.700s] Level 5:colcon.colcon_core.verb:set package 'micro_ros_setup' build argument 'cmake_force_configure' from command line to 'False'
[1.700s] Level 5:colcon.colcon_core.verb:set package 'micro_ros_setup' build argument 'ament_cmake_args' from command line to 'None'
[1.700s] Level 5:colcon.colcon_core.verb:set package 'micro_ros_setup' build argument 'catkin_cmake_args' from command line to 'None'
[1.700s] Level 5:colcon.colcon_core.verb:set package 'micro_ros_setup' build argument 'catkin_skip_building_tests' from command line to 'False'
[1.700s] DEBUG:colcon.colcon_core.verb:Building package 'micro_ros_setup' with the following arguments: {'ament_cmake_args': None, 'build_base': '/home/akhil-rover/ws_test_microros/build/micro_ros_setup', 'catkin_cmake_args': None, 'catkin_skip_building_tests': False, 'cmake_args': None, 'cmake_clean_cache': False, 'cmake_clean_first': False, 'cmake_force_configure': False, 'cmake_target': None, 'cmake_target_skip_unavailable': False, 'install_base': '/home/akhil-rover/ws_test_microros/install/micro_ros_setup', 'merge_install': False, 'path': '/home/akhil-rover/ws_test_microros/src/micro_ros_setup', 'symlink_install': False, 'test_result_base': None}
[1.718s] INFO:colcon.colcon_core.executor:Executing jobs using 'parallel' executor
[1.736s] DEBUG:colcon.colcon_parallel_executor.executor.parallel:run_until_complete
[1.737s] INFO:colcon.colcon_ros.task.ament_cmake.build:Building ROS package in '/home/akhil-rover/ws_test_microros/src/micro_ros_setup' with build type 'ament_cmake'
[1.737s] INFO:colcon.colcon_cmake.task.cmake.build:Building CMake package in '/home/akhil-rover/ws_test_microros/src/micro_ros_setup'
[1.773s] INFO:colcon.colcon_core.plugin_system:Skipping extension 'colcon_core.shell.bat': Not used on non-Windows systems
[1.773s] INFO:colcon.colcon_core.shell:Skip shell extension 'powershell' for command environment: Not usable outside of PowerShell
[1.773s] DEBUG:colcon.colcon_core.shell:Skip shell extension 'dsv' for command environment
[1.820s] DEBUG:colcon.colcon_core.event_handler.log_command:Invoking command in '/home/akhil-rover/ws_test_microros/build/micro_ros_setup': CMAKE_PREFIX_PATH=/opt/ros/humble /usr/bin/cmake /home/akhil-rover/ws_test_microros/src/micro_ros_setup -DCMAKE_INSTALL_PREFIX=/home/akhil-rover/ws_test_microros/install/micro_ros_setup
[2.906s] DEBUG:colcon.colcon_core.event_handler.log_command:Invoked command in '/home/akhil-rover/ws_test_microros/build/micro_ros_setup' returned '0': CMAKE_PREFIX_PATH=/opt/ros/humble /usr/bin/cmake /home/akhil-rover/ws_test_microros/src/micro_ros_setup -DCMAKE_INSTALL_PREFIX=/home/akhil-rover/ws_test_microros/install/micro_ros_setup
[2.909s] DEBUG:colcon.colcon_core.event_handler.log_command:Invoking command in '/home/akhil-rover/ws_test_microros/build/micro_ros_setup': CMAKE_PREFIX_PATH=/opt/ros/humble /usr/bin/cmake --build /home/akhil-rover/ws_test_microros/build/micro_ros_setup -- -j4 -l4
[2.961s] DEBUG:colcon.colcon_core.event_handler.log_command:Invoked command in '/home/akhil-rover/ws_test_microros/build/micro_ros_setup' returned '0': CMAKE_PREFIX_PATH=/opt/ros/humble /usr/bin/cmake --build /home/akhil-rover/ws_test_microros/build/micro_ros_setup -- -j4 -l4
[3.006s] DEBUG:colcon.colcon_core.event_handler.log_command:Invoking command in '/home/akhil-rover/ws_test_microros/build/micro_ros_setup': CMAKE_PREFIX_PATH=/opt/ros/humble /usr/bin/cmake --install /home/akhil-rover/ws_test_microros/build/micro_ros_setup
[3.056s] Level 1:colcon.colcon_core.environment:create_environment_scripts_only(micro_ros_setup)
[3.057s] DEBUG:colcon.colcon_core.event_handler.log_command:Invoked command in '/home/akhil-rover/ws_test_microros/build/micro_ros_setup' returned '0': CMAKE_PREFIX_PATH=/opt/ros/humble /usr/bin/cmake --install /home/akhil-rover/ws_test_microros/build/micro_ros_setup
[3.084s] Level 1:colcon.colcon_core.environment:checking '/home/akhil-rover/ws_test_microros/install/micro_ros_setup' for CMake module files
[3.085s] Level 1:colcon.colcon_core.environment:checking '/home/akhil-rover/ws_test_microros/install/micro_ros_setup' for CMake config files
[3.085s] Level 1:colcon.colcon_core.shell:create_environment_hook('micro_ros_setup', 'cmake_prefix_path')
[3.103s] INFO:colcon.colcon_core.shell:Creating environment hook '/home/akhil-rover/ws_test_microros/install/micro_ros_setup/share/micro_ros_setup/hook/cmake_prefix_path.ps1'
[3.105s] INFO:colcon.colcon_core.shell:Creating environment descriptor '/home/akhil-rover/ws_test_microros/install/micro_ros_setup/share/micro_ros_setup/hook/cmake_prefix_path.dsv'
[3.105s] INFO:colcon.colcon_core.shell:Creating environment hook '/home/akhil-rover/ws_test_microros/install/micro_ros_setup/share/micro_ros_setup/hook/cmake_prefix_path.sh'
[3.106s] Level 1:colcon.colcon_core.environment:checking '/home/akhil-rover/ws_test_microros/install/micro_ros_setup/lib'
[3.107s] Level 1:colcon.colcon_core.environment:checking '/home/akhil-rover/ws_test_microros/install/micro_ros_setup/bin'
[3.107s] Level 1:colcon.colcon_core.environment:checking '/home/akhil-rover/ws_test_microros/install/micro_ros_setup/lib/pkgconfig/micro_ros_setup.pc'
[3.107s] Level 1:colcon.colcon_core.environment:checking '/home/akhil-rover/ws_test_microros/install/micro_ros_setup/lib/python3.10/site-packages'
[3.107s] Level 1:colcon.colcon_core.environment:checking '/home/akhil-rover/ws_test_microros/install/micro_ros_setup/bin'
[3.125s] INFO:colcon.colcon_core.shell:Creating package script '/home/akhil-rover/ws_test_microros/install/micro_ros_setup/share/micro_ros_setup/package.ps1'
[3.126s] INFO:colcon.colcon_core.shell:Creating package descriptor '/home/akhil-rover/ws_test_microros/install/micro_ros_setup/share/micro_ros_setup/package.dsv'
[3.127s] INFO:colcon.colcon_core.shell:Creating package script '/home/akhil-rover/ws_test_microros/install/micro_ros_setup/share/micro_ros_setup/package.sh'
[3.128s] INFO:colcon.colcon_core.shell:Creating package script '/home/akhil-rover/ws_test_microros/install/micro_ros_setup/share/micro_ros_setup/package.bash'
[3.129s] INFO:colcon.colcon_core.shell:Creating package script '/home/akhil-rover/ws_test_microros/install/micro_ros_setup/share/micro_ros_setup/package.zsh'
[3.130s] Level 1:colcon.colcon_core.environment:create_file_with_runtime_dependencies(/home/akhil-rover/ws_test_microros/install/micro_ros_setup/share/colcon-core/packages/micro_ros_setup)
[3.176s] Level 1:colcon.colcon_core.environment:create_environment_scripts_only(micro_ros_setup)
[3.196s] Level 1:colcon.colcon_core.environment:checking '/home/akhil-rover/ws_test_microros/install/micro_ros_setup' for CMake module files
[3.196s] Level 1:colcon.colcon_core.environment:checking '/home/akhil-rover/ws_test_microros/install/micro_ros_setup' for CMake config files
[3.197s] Level 1:colcon.colcon_core.shell:create_environment_hook('micro_ros_setup', 'cmake_prefix_path')
[3.214s] INFO:colcon.colcon_core.shell:Creating environment hook '/home/akhil-rover/ws_test_microros/install/micro_ros_setup/share/micro_ros_setup/hook/cmake_prefix_path.ps1'
[3.215s] INFO:colcon.colcon_core.shell:Creating environment descriptor '/home/akhil-rover/ws_test_microros/install/micro_ros_setup/share/micro_ros_setup/hook/cmake_prefix_path.dsv'
[3.215s] INFO:colcon.colcon_core.shell:Creating environment hook '/home/akhil-rover/ws_test_microros/install/micro_ros_setup/share/micro_ros_setup/hook/cmake_prefix_path.sh'
[3.216s] Level 1:colcon.colcon_core.environment:checking '/home/akhil-rover/ws_test_microros/install/micro_ros_setup/lib'
[3.216s] Level 1:colcon.colcon_core.environment:checking '/home/akhil-rover/ws_test_microros/install/micro_ros_setup/bin'
[3.216s] Level 1:colcon.colcon_core.environment:checking '/home/akhil-rover/ws_test_microros/install/micro_ros_setup/lib/pkgconfig/micro_ros_setup.pc'
[3.216s] Level 1:colcon.colcon_core.environment:checking '/home/akhil-rover/ws_test_microros/install/micro_ros_setup/lib/python3.10/site-packages'
[3.217s] Level 1:colcon.colcon_core.environment:checking '/home/akhil-rover/ws_test_microros/install/micro_ros_setup/bin'
[3.234s] INFO:colcon.colcon_core.shell:Creating package script '/home/akhil-rover/ws_test_microros/install/micro_ros_setup/share/micro_ros_setup/package.ps1'
[3.235s] INFO:colcon.colcon_core.shell:Creating package descriptor '/home/akhil-rover/ws_test_microros/install/micro_ros_setup/share/micro_ros_setup/package.dsv'
[3.235s] INFO:colcon.colcon_core.shell:Creating package script '/home/akhil-rover/ws_test_microros/install/micro_ros_setup/share/micro_ros_setup/package.sh'
[3.236s] INFO:colcon.colcon_core.shell:Creating package script '/home/akhil-rover/ws_test_microros/install/micro_ros_setup/share/micro_ros_setup/package.bash'
[3.236s] INFO:colcon.colcon_core.shell:Creating package script '/home/akhil-rover/ws_test_microros/install/micro_ros_setup/share/micro_ros_setup/package.zsh'
[3.237s] Level 1:colcon.colcon_core.environment:create_file_with_runtime_dependencies(/home/akhil-rover/ws_test_microros/install/micro_ros_setup/share/colcon-core/packages/micro_ros_setup)
[3.237s] DEBUG:colcon.colcon_parallel_executor.executor.parallel:closing loop
[3.237s] DEBUG:colcon.colcon_parallel_executor.executor.parallel:loop closed
[3.237s] DEBUG:colcon.colcon_parallel_executor.executor.parallel:run_until_complete finished with '0'
[3.237s] DEBUG:colcon.colcon_core.event_reactor:joining thread
[3.265s] INFO:colcon.colcon_core.plugin_system:Skipping extension 'colcon_notification.desktop_notification.terminal_notifier': Not used on non-Darwin systems
[3.265s] INFO:colcon.colcon_core.plugin_system:Skipping extension 'colcon_notification.desktop_notification.win32': Not used on non-Windows systems
[3.265s] INFO:colcon.colcon_notification.desktop_notification:Sending desktop notification using 'notify2'
[3.303s] DEBUG:colcon.colcon_core.event_reactor:joined thread
[3.325s] INFO:colcon.colcon_core.shell:Creating prefix script '/home/akhil-rover/ws_test_microros/install/local_setup.ps1'
[3.327s] INFO:colcon.colcon_core.shell:Creating prefix util module '/home/akhil-rover/ws_test_microros/install/_local_setup_util_ps1.py'
[3.329s] INFO:colcon.colcon_core.shell:Creating prefix chain script '/home/akhil-rover/ws_test_microros/install/setup.ps1'
[3.350s] INFO:colcon.colcon_core.shell:Creating prefix script '/home/akhil-rover/ws_test_microros/install/local_setup.sh'
[3.351s] INFO:colcon.colcon_core.shell:Creating prefix util module '/home/akhil-rover/ws_test_microros/install/_local_setup_util_sh.py'
[3.351s] INFO:colcon.colcon_core.shell:Creating prefix chain script '/home/akhil-rover/ws_test_microros/install/setup.sh'
[3.372s] INFO:colcon.colcon_core.shell:Creating prefix script '/home/akhil-rover/ws_test_microros/install/local_setup.bash'
[3.373s] INFO:colcon.colcon_core.shell:Creating prefix chain script '/home/akhil-rover/ws_test_microros/install/setup.bash'
[3.393s] INFO:colcon.colcon_core.shell:Creating prefix script '/home/akhil-rover/ws_test_microros/install/local_setup.zsh'
[3.394s] INFO:colcon.colcon_core.shell:Creating prefix chain script '/home/akhil-rover/ws_test_microros/install/setup.zsh'
