[0.597s] DEBUG:colcon:Command line arguments: ['/usr/bin/colcon', 'build']
[0.597s] DEBUG:colcon:Parsed command line arguments: Namespace(log_base=None, log_level=None, verb_name='build', build_base='build', install_base='install', merge_install=False, symlink_install=False, test_result_base=None, continue_on_error=False, executor='parallel', parallel_workers=4, event_handlers=None, ignore_user_meta=False, metas=['./colcon.meta'], base_paths=['.'], packages_ignore=None, packages_ignore_regex=None, paths=None, packages_up_to=None, packages_up_to_regex=None, packages_above=None, packages_above_and_dependencies=None, packages_above_depth=None, packages_select_by_dep=None, packages_skip_by_dep=None, packages_skip_up_to=None, packages_select_build_failed=False, packages_skip_build_finished=False, packages_select_test_failures=False, packages_skip_test_passed=False, packages_select=None, packages_skip=None, packages_select_regex=None, packages_skip_regex=None, packages_start=None, packages_end=None, allow_overriding=[], cmake_args=None, cmake_target=None, cmake_target_skip_unavailable=False, cmake_clean_cache=False, cmake_clean_first=False, cmake_force_configure=False, ament_cmake_args=None, catkin_cmake_args=None, catkin_skip_building_tests=False, verb_parser=<colcon_defaults.argument_parser.defaults.DefaultArgumentsDecorator object at 0x7f2a58674f40>, verb_extension=<colcon_core.verb.build.BuildVerb object at 0x7f2a5891b5e0>, main=<bound method BuildVerb.main of <colcon_core.verb.build.BuildVerb object at 0x7f2a5891b5e0>>)
[0.626s] Level 1:colcon.colcon_core.package_discovery:discover_packages(colcon_meta) check parameters
[0.626s] Level 1:colcon.colcon_core.package_discovery:discover_packages(recursive) check parameters
[0.626s] Level 1:colcon.colcon_core.package_discovery:discover_packages(ignore) check parameters
[0.626s] Level 1:colcon.colcon_core.package_discovery:discover_packages(path) check parameters
[0.626s] Level 1:colcon.colcon_core.package_discovery:discover_packages(colcon_meta) discover
[0.626s] Level 1:colcon.colcon_core.package_discovery:discover_packages(recursive) discover
[0.626s] INFO:colcon.colcon_core.package_discovery:Crawling recursively for packages in '/home/akhil-rover/rover/team_rover'
[0.626s] Level 1:colcon.colcon_core.package_identification:_identify(.) by extensions ['ignore', 'ignore_ament_install']
[0.626s] Level 1:colcon.colcon_core.package_identification:_identify(.) by extension 'ignore'
[0.626s] Level 1:colcon.colcon_core.package_identification:_identify(.) by extension 'ignore_ament_install'
[0.627s] Level 1:colcon.colcon_core.package_identification:_identify(.) by extensions ['colcon_pkg']
[0.627s] Level 1:colcon.colcon_core.package_identification:_identify(.) by extension 'colcon_pkg'
[0.627s] Level 1:colcon.colcon_core.package_identification:_identify(.) by extensions ['colcon_meta']
[0.627s] Level 1:colcon.colcon_core.package_identification:_identify(.) by extension 'colcon_meta'
[0.627s] Level 1:colcon.colcon_core.package_identification:_identify(.) by extensions ['ros']
[0.627s] Level 1:colcon.colcon_core.package_identification:_identify(.) by extension 'ros'
[0.634s] Level 1:colcon.colcon_core.package_identification:_identify(.) by extensions ['cmake', 'python']
[0.635s] Level 1:colcon.colcon_core.package_identification:_identify(.) by extension 'cmake'
[0.635s] Level 1:colcon.colcon_core.package_identification:_identify(.) by extension 'python'
[0.635s] Level 1:colcon.colcon_core.package_identification:_identify(.) by extensions ['python_setup_py']
[0.635s] Level 1:colcon.colcon_core.package_identification:_identify(.) by extension 'python_setup_py'
[0.635s] Level 1:colcon.colcon_core.package_identification:_identify(build) by extensions ['ignore', 'ignore_ament_install']
[0.635s] Level 1:colcon.colcon_core.package_identification:_identify(build) by extension 'ignore'
[0.635s] Level 1:colcon.colcon_core.package_identification:_identify(build) ignored
[0.635s] Level 1:colcon.colcon_core.package_identification:_identify(install) by extensions ['ignore', 'ignore_ament_install']
[0.635s] Level 1:colcon.colcon_core.package_identification:_identify(install) by extension 'ignore'
[0.635s] Level 1:colcon.colcon_core.package_identification:_identify(install) ignored
[0.635s] Level 1:colcon.colcon_core.package_identification:_identify(log) by extensions ['ignore', 'ignore_ament_install']
[0.635s] Level 1:colcon.colcon_core.package_identification:_identify(log) by extension 'ignore'
[0.635s] Level 1:colcon.colcon_core.package_identification:_identify(log) ignored
[0.635s] Level 1:colcon.colcon_core.package_identification:_identify(src) by extensions ['ignore', 'ignore_ament_install']
[0.635s] Level 1:colcon.colcon_core.package_identification:_identify(src) by extension 'ignore'
[0.635s] Level 1:colcon.colcon_core.package_identification:_identify(src) by extension 'ignore_ament_install'
[0.635s] Level 1:colcon.colcon_core.package_identification:_identify(src) by extensions ['colcon_pkg']
[0.635s] Level 1:colcon.colcon_core.package_identification:_identify(src) by extension 'colcon_pkg'
[0.635s] Level 1:colcon.colcon_core.package_identification:_identify(src) by extensions ['colcon_meta']
[0.635s] Level 1:colcon.colcon_core.package_identification:_identify(src) by extension 'colcon_meta'
[0.635s] Level 1:colcon.colcon_core.package_identification:_identify(src) by extensions ['ros']
[0.635s] Level 1:colcon.colcon_core.package_identification:_identify(src) by extension 'ros'
[0.635s] Level 1:colcon.colcon_core.package_identification:_identify(src) by extensions ['cmake', 'python']
[0.635s] Level 1:colcon.colcon_core.package_identification:_identify(src) by extension 'cmake'
[0.636s] Level 1:colcon.colcon_core.package_identification:_identify(src) by extension 'python'
[0.636s] Level 1:colcon.colcon_core.package_identification:_identify(src) by extensions ['python_setup_py']
[0.636s] Level 1:colcon.colcon_core.package_identification:_identify(src) by extension 'python_setup_py'
[0.636s] Level 1:colcon.colcon_core.package_identification:_identify(src/package_example) by extensions ['ignore', 'ignore_ament_install']
[0.636s] Level 1:colcon.colcon_core.package_identification:_identify(src/package_example) by extension 'ignore'
[0.636s] Level 1:colcon.colcon_core.package_identification:_identify(src/package_example) by extension 'ignore_ament_install'
[0.636s] Level 1:colcon.colcon_core.package_identification:_identify(src/package_example) by extensions ['colcon_pkg']
[0.636s] Level 1:colcon.colcon_core.package_identification:_identify(src/package_example) by extension 'colcon_pkg'
[0.636s] Level 1:colcon.colcon_core.package_identification:_identify(src/package_example) by extensions ['colcon_meta']
[0.636s] Level 1:colcon.colcon_core.package_identification:_identify(src/package_example) by extension 'colcon_meta'
[0.636s] Level 1:colcon.colcon_core.package_identification:_identify(src/package_example) by extensions ['ros']
[0.636s] Level 1:colcon.colcon_core.package_identification:_identify(src/package_example) by extension 'ros'
[0.637s] DEBUG:colcon.colcon_core.package_identification:Package 'src/package_example' with type 'ros.ament_cmake' and name 'package_example'
[0.637s] Level 1:colcon.colcon_core.package_discovery:discover_packages(recursive) using defaults
[0.638s] Level 1:colcon.colcon_core.package_discovery:discover_packages(ignore) discover
[0.638s] Level 1:colcon.colcon_core.package_discovery:discover_packages(ignore) using defaults
[0.638s] Level 1:colcon.colcon_core.package_discovery:discover_packages(path) discover
[0.638s] Level 1:colcon.colcon_core.package_discovery:discover_packages(path) using defaults
[0.691s] Level 1:colcon.colcon_core.package_discovery:discover_packages(prefix_path) check parameters
[0.691s] Level 1:colcon.colcon_core.package_discovery:discover_packages(prefix_path) discover
[0.699s] WARNING:colcon.colcon_ros.prefix_path.ament:The path '/home/akhil-rover/rover/team_rover/install/package_example' in the environment variable AMENT_PREFIX_PATH doesn't exist
[0.699s] WARNING:colcon.colcon_ros.prefix_path.catkin:The path '/home/akhil-rover/rover/team_rover/install/package_example' in the environment variable CMAKE_PREFIX_PATH doesn't exist
[0.707s] DEBUG:colcon.colcon_installed_package_information.package_discovery:Found 0 installed packages in /home/akhil-rover/rover/team_rover/install
[0.716s] DEBUG:colcon.colcon_installed_package_information.package_discovery:Found 270 installed packages in /opt/ros/humble
[0.717s] Level 1:colcon.colcon_core.package_discovery:discover_packages(prefix_path) using defaults
[0.772s] Level 5:colcon.colcon_core.verb:set package 'package_example' build argument 'cmake_args' from command line to 'None'
[0.772s] Level 5:colcon.colcon_core.verb:set package 'package_example' build argument 'cmake_target' from command line to 'None'
[0.772s] Level 5:colcon.colcon_core.verb:set package 'package_example' build argument 'cmake_target_skip_unavailable' from command line to 'False'
[0.772s] Level 5:colcon.colcon_core.verb:set package 'package_example' build argument 'cmake_clean_cache' from command line to 'False'
[0.772s] Level 5:colcon.colcon_core.verb:set package 'package_example' build argument 'cmake_clean_first' from command line to 'False'
[0.772s] Level 5:colcon.colcon_core.verb:set package 'package_example' build argument 'cmake_force_configure' from command line to 'False'
[0.772s] Level 5:colcon.colcon_core.verb:set package 'package_example' build argument 'ament_cmake_args' from command line to 'None'
[0.772s] Level 5:colcon.colcon_core.verb:set package 'package_example' build argument 'catkin_cmake_args' from command line to 'None'
[0.772s] Level 5:colcon.colcon_core.verb:set package 'package_example' build argument 'catkin_skip_building_tests' from command line to 'False'
[0.772s] DEBUG:colcon.colcon_core.verb:Building package 'package_example' with the following arguments: {'ament_cmake_args': None, 'build_base': '/home/akhil-rover/rover/team_rover/build/package_example', 'catkin_cmake_args': None, 'catkin_skip_building_tests': False, 'cmake_args': None, 'cmake_clean_cache': False, 'cmake_clean_first': False, 'cmake_force_configure': False, 'cmake_target': None, 'cmake_target_skip_unavailable': False, 'install_base': '/home/akhil-rover/rover/team_rover/install/package_example', 'merge_install': False, 'path': '/home/akhil-rover/rover/team_rover/src/package_example', 'symlink_install': False, 'test_result_base': None}
[0.780s] INFO:colcon.colcon_core.executor:Executing jobs using 'parallel' executor
[0.788s] DEBUG:colcon.colcon_parallel_executor.executor.parallel:run_until_complete
[0.788s] INFO:colcon.colcon_ros.task.ament_cmake.build:Building ROS package in '/home/akhil-rover/rover/team_rover/src/package_example' with build type 'ament_cmake'
[0.788s] INFO:colcon.colcon_cmake.task.cmake.build:Building CMake package in '/home/akhil-rover/rover/team_rover/src/package_example'
[0.797s] INFO:colcon.colcon_core.plugin_system:Skipping extension 'colcon_core.shell.bat': Not used on non-Windows systems
[0.797s] INFO:colcon.colcon_core.shell:Skip shell extension 'powershell' for command environment: Not usable outside of PowerShell
[0.797s] DEBUG:colcon.colcon_core.shell:Skip shell extension 'dsv' for command environment
[0.826s] DEBUG:colcon.colcon_core.event_handler.log_command:Invoking command in '/home/akhil-rover/rover/team_rover/build/package_example': CMAKE_PREFIX_PATH=${CMAKE_PREFIX_PATH}:/opt/ros/humble /usr/bin/cmake /home/akhil-rover/rover/team_rover/src/package_example -DCMAKE_INSTALL_PREFIX=/home/akhil-rover/rover/team_rover/install/package_example
[1.250s] DEBUG:colcon.colcon_core.event_handler.log_command:Invoked command in '/home/akhil-rover/rover/team_rover/build/package_example' returned '0': CMAKE_PREFIX_PATH=${CMAKE_PREFIX_PATH}:/opt/ros/humble /usr/bin/cmake /home/akhil-rover/rover/team_rover/src/package_example -DCMAKE_INSTALL_PREFIX=/home/akhil-rover/rover/team_rover/install/package_example
[1.251s] DEBUG:colcon.colcon_core.event_handler.log_command:Invoking command in '/home/akhil-rover/rover/team_rover/build/package_example': CMAKE_PREFIX_PATH=${CMAKE_PREFIX_PATH}:/opt/ros/humble /usr/bin/cmake --build /home/akhil-rover/rover/team_rover/build/package_example -- -j4 -l4
[1.343s] DEBUG:colcon.colcon_core.event_handler.log_command:Invoked command in '/home/akhil-rover/rover/team_rover/build/package_example' returned '0': CMAKE_PREFIX_PATH=${CMAKE_PREFIX_PATH}:/opt/ros/humble /usr/bin/cmake --build /home/akhil-rover/rover/team_rover/build/package_example -- -j4 -l4
[1.364s] DEBUG:colcon.colcon_core.event_handler.log_command:Invoking command in '/home/akhil-rover/rover/team_rover/build/package_example': CMAKE_PREFIX_PATH=${CMAKE_PREFIX_PATH}:/opt/ros/humble /usr/bin/cmake --install /home/akhil-rover/rover/team_rover/build/package_example
[1.372s] Level 1:colcon.colcon_core.environment:create_environment_scripts_only(package_example)
[1.372s] DEBUG:colcon.colcon_core.event_handler.log_command:Invoked command in '/home/akhil-rover/rover/team_rover/build/package_example' returned '0': CMAKE_PREFIX_PATH=${CMAKE_PREFIX_PATH}:/opt/ros/humble /usr/bin/cmake --install /home/akhil-rover/rover/team_rover/build/package_example
[1.381s] Level 1:colcon.colcon_core.environment:checking '/home/akhil-rover/rover/team_rover/install/package_example' for CMake module files
[1.381s] Level 1:colcon.colcon_core.environment:checking '/home/akhil-rover/rover/team_rover/install/package_example' for CMake config files
[1.381s] Level 1:colcon.colcon_core.shell:create_environment_hook('package_example', 'cmake_prefix_path')
[1.390s] INFO:colcon.colcon_core.shell:Creating environment hook '/home/akhil-rover/rover/team_rover/install/package_example/share/package_example/hook/cmake_prefix_path.ps1'
[1.390s] INFO:colcon.colcon_core.shell:Creating environment descriptor '/home/akhil-rover/rover/team_rover/install/package_example/share/package_example/hook/cmake_prefix_path.dsv'
[1.391s] INFO:colcon.colcon_core.shell:Creating environment hook '/home/akhil-rover/rover/team_rover/install/package_example/share/package_example/hook/cmake_prefix_path.sh'
[1.391s] Level 1:colcon.colcon_core.environment:checking '/home/akhil-rover/rover/team_rover/install/package_example/lib'
[1.391s] Level 1:colcon.colcon_core.environment:checking '/home/akhil-rover/rover/team_rover/install/package_example/bin'
[1.391s] Level 1:colcon.colcon_core.environment:checking '/home/akhil-rover/rover/team_rover/install/package_example/lib/pkgconfig/package_example.pc'
[1.391s] Level 1:colcon.colcon_core.environment:checking '/home/akhil-rover/rover/team_rover/install/package_example/lib/python3.10/site-packages'
[1.391s] Level 1:colcon.colcon_core.environment:checking '/home/akhil-rover/rover/team_rover/install/package_example/bin'
[1.400s] INFO:colcon.colcon_core.shell:Creating package script '/home/akhil-rover/rover/team_rover/install/package_example/share/package_example/package.ps1'
[1.400s] INFO:colcon.colcon_core.shell:Creating package descriptor '/home/akhil-rover/rover/team_rover/install/package_example/share/package_example/package.dsv'
[1.400s] INFO:colcon.colcon_core.shell:Creating package script '/home/akhil-rover/rover/team_rover/install/package_example/share/package_example/package.sh'
[1.401s] INFO:colcon.colcon_core.shell:Creating package script '/home/akhil-rover/rover/team_rover/install/package_example/share/package_example/package.bash'
[1.401s] INFO:colcon.colcon_core.shell:Creating package script '/home/akhil-rover/rover/team_rover/install/package_example/share/package_example/package.zsh'
[1.402s] Level 1:colcon.colcon_core.environment:create_file_with_runtime_dependencies(/home/akhil-rover/rover/team_rover/install/package_example/share/colcon-core/packages/package_example)
[1.425s] Level 1:colcon.colcon_core.environment:create_environment_scripts_only(package_example)
[1.432s] Level 1:colcon.colcon_core.environment:checking '/home/akhil-rover/rover/team_rover/install/package_example' for CMake module files
[1.433s] Level 1:colcon.colcon_core.environment:checking '/home/akhil-rover/rover/team_rover/install/package_example' for CMake config files
[1.433s] Level 1:colcon.colcon_core.shell:create_environment_hook('package_example', 'cmake_prefix_path')
[1.441s] INFO:colcon.colcon_core.shell:Creating environment hook '/home/akhil-rover/rover/team_rover/install/package_example/share/package_example/hook/cmake_prefix_path.ps1'
[1.441s] INFO:colcon.colcon_core.shell:Creating environment descriptor '/home/akhil-rover/rover/team_rover/install/package_example/share/package_example/hook/cmake_prefix_path.dsv'
[1.441s] INFO:colcon.colcon_core.shell:Creating environment hook '/home/akhil-rover/rover/team_rover/install/package_example/share/package_example/hook/cmake_prefix_path.sh'
[1.442s] Level 1:colcon.colcon_core.environment:checking '/home/akhil-rover/rover/team_rover/install/package_example/lib'
[1.442s] Level 1:colcon.colcon_core.environment:checking '/home/akhil-rover/rover/team_rover/install/package_example/bin'
[1.442s] Level 1:colcon.colcon_core.environment:checking '/home/akhil-rover/rover/team_rover/install/package_example/lib/pkgconfig/package_example.pc'
[1.442s] Level 1:colcon.colcon_core.environment:checking '/home/akhil-rover/rover/team_rover/install/package_example/lib/python3.10/site-packages'
[1.442s] Level 1:colcon.colcon_core.environment:checking '/home/akhil-rover/rover/team_rover/install/package_example/bin'
[1.450s] INFO:colcon.colcon_core.shell:Creating package script '/home/akhil-rover/rover/team_rover/install/package_example/share/package_example/package.ps1'
[1.450s] INFO:colcon.colcon_core.shell:Creating package descriptor '/home/akhil-rover/rover/team_rover/install/package_example/share/package_example/package.dsv'
[1.450s] INFO:colcon.colcon_core.shell:Creating package script '/home/akhil-rover/rover/team_rover/install/package_example/share/package_example/package.sh'
[1.451s] INFO:colcon.colcon_core.shell:Creating package script '/home/akhil-rover/rover/team_rover/install/package_example/share/package_example/package.bash'
[1.451s] INFO:colcon.colcon_core.shell:Creating package script '/home/akhil-rover/rover/team_rover/install/package_example/share/package_example/package.zsh'
[1.451s] Level 1:colcon.colcon_core.environment:create_file_with_runtime_dependencies(/home/akhil-rover/rover/team_rover/install/package_example/share/colcon-core/packages/package_example)
[1.451s] DEBUG:colcon.colcon_parallel_executor.executor.parallel:closing loop
[1.451s] DEBUG:colcon.colcon_parallel_executor.executor.parallel:loop closed
[1.451s] DEBUG:colcon.colcon_parallel_executor.executor.parallel:run_until_complete finished with '0'
[1.451s] DEBUG:colcon.colcon_core.event_reactor:joining thread
[1.463s] INFO:colcon.colcon_core.plugin_system:Skipping extension 'colcon_notification.desktop_notification.terminal_notifier': Not used on non-Darwin systems
[1.463s] INFO:colcon.colcon_core.plugin_system:Skipping extension 'colcon_notification.desktop_notification.win32': Not used on non-Windows systems
[1.463s] INFO:colcon.colcon_notification.desktop_notification:Sending desktop notification using 'notify2'
[1.471s] DEBUG:colcon.colcon_core.event_reactor:joined thread
[1.481s] INFO:colcon.colcon_core.shell:Creating prefix script '/home/akhil-rover/rover/team_rover/install/local_setup.ps1'
[1.482s] INFO:colcon.colcon_core.shell:Creating prefix util module '/home/akhil-rover/rover/team_rover/install/_local_setup_util_ps1.py'
[1.483s] INFO:colcon.colcon_core.shell:Creating prefix chain script '/home/akhil-rover/rover/team_rover/install/setup.ps1'
[1.493s] INFO:colcon.colcon_core.shell:Creating prefix script '/home/akhil-rover/rover/team_rover/install/local_setup.sh'
[1.493s] INFO:colcon.colcon_core.shell:Creating prefix util module '/home/akhil-rover/rover/team_rover/install/_local_setup_util_sh.py'
[1.494s] INFO:colcon.colcon_core.shell:Creating prefix chain script '/home/akhil-rover/rover/team_rover/install/setup.sh'
[1.503s] INFO:colcon.colcon_core.shell:Creating prefix script '/home/akhil-rover/rover/team_rover/install/local_setup.bash'
[1.503s] INFO:colcon.colcon_core.shell:Creating prefix chain script '/home/akhil-rover/rover/team_rover/install/setup.bash'
[1.512s] INFO:colcon.colcon_core.shell:Creating prefix script '/home/akhil-rover/rover/team_rover/install/local_setup.zsh'
[1.512s] INFO:colcon.colcon_core.shell:Creating prefix chain script '/home/akhil-rover/rover/team_rover/install/setup.zsh'
