[1.205s] DEBUG:colcon:Command line arguments: ['/usr/bin/colcon', 'build', '--packages-up-to', 'micro_ros_agent', '--cmake-args', '-DUAGENT_BUILD_EXECUTABLE=OFF', '-DUAGENT_P2P_PROFILE=OFF', '--no-warn-unused-cli']
[1.205s] DEBUG:colcon:Parsed command line arguments: Namespace(log_base=None, log_level=None, verb_name='build', build_base='build', install_base='install', merge_install=False, symlink_install=False, test_result_base=None, continue_on_error=False, executor='parallel', parallel_workers=4, event_handlers=None, ignore_user_meta=False, metas=['./colcon.meta'], base_paths=['.'], packages_ignore=None, packages_ignore_regex=None, paths=None, packages_up_to=['micro_ros_agent'], packages_up_to_regex=None, packages_above=None, packages_above_and_dependencies=None, packages_above_depth=None, packages_select_by_dep=None, packages_skip_by_dep=None, packages_skip_up_to=None, packages_select_build_failed=False, packages_skip_build_finished=False, packages_select_test_failures=False, packages_skip_test_passed=False, packages_select=None, packages_skip=None, packages_select_regex=None, packages_skip_regex=None, packages_start=None, packages_end=None, allow_overriding=[], cmake_args=['-DUAGENT_BUILD_EXECUTABLE=OFF', '-DUAGENT_P2P_PROFILE=OFF', '--no-warn-unused-cli'], cmake_target=None, cmake_target_skip_unavailable=False, cmake_clean_cache=False, cmake_clean_first=False, cmake_force_configure=False, ament_cmake_args=None, catkin_cmake_args=None, catkin_skip_building_tests=False, verb_parser=<colcon_defaults.argument_parser.defaults.DefaultArgumentsDecorator object at 0x7f2179e443d0>, verb_extension=<colcon_core.verb.build.BuildVerb object at 0x7f217a2d7970>, main=<bound method BuildVerb.main of <colcon_core.verb.build.BuildVerb object at 0x7f217a2d7970>>)
[1.263s] Level 1:colcon.colcon_core.package_discovery:discover_packages(colcon_meta) check parameters
[1.263s] Level 1:colcon.colcon_core.package_discovery:discover_packages(recursive) check parameters
[1.263s] Level 1:colcon.colcon_core.package_discovery:discover_packages(ignore) check parameters
[1.263s] Level 1:colcon.colcon_core.package_discovery:discover_packages(path) check parameters
[1.263s] Level 1:colcon.colcon_core.package_discovery:discover_packages(colcon_meta) discover
[1.263s] Level 1:colcon.colcon_core.package_discovery:discover_packages(recursive) discover
[1.263s] INFO:colcon.colcon_core.package_discovery:Crawling recursively for packages in '/home/akhil-rover/ws_test_microros'
[1.263s] Level 1:colcon.colcon_core.package_identification:_identify(.) by extensions ['ignore', 'ignore_ament_install']
[1.263s] Level 1:colcon.colcon_core.package_identification:_identify(.) by extension 'ignore'
[1.264s] Level 1:colcon.colcon_core.package_identification:_identify(.) by extension 'ignore_ament_install'
[1.264s] Level 1:colcon.colcon_core.package_identification:_identify(.) by extensions ['colcon_pkg']
[1.264s] Level 1:colcon.colcon_core.package_identification:_identify(.) by extension 'colcon_pkg'
[1.264s] Level 1:colcon.colcon_core.package_identification:_identify(.) by extensions ['colcon_meta']
[1.264s] Level 1:colcon.colcon_core.package_identification:_identify(.) by extension 'colcon_meta'
[1.264s] Level 1:colcon.colcon_core.package_identification:_identify(.) by extensions ['ros']
[1.264s] Level 1:colcon.colcon_core.package_identification:_identify(.) by extension 'ros'
[1.279s] Level 1:colcon.colcon_core.package_identification:_identify(.) by extensions ['cmake', 'python']
[1.279s] Level 1:colcon.colcon_core.package_identification:_identify(.) by extension 'cmake'
[1.279s] Level 1:colcon.colcon_core.package_identification:_identify(.) by extension 'python'
[1.279s] Level 1:colcon.colcon_core.package_identification:_identify(.) by extensions ['python_setup_py']
[1.280s] Level 1:colcon.colcon_core.package_identification:_identify(.) by extension 'python_setup_py'
[1.280s] Level 1:colcon.colcon_core.package_identification:_identify(build) by extensions ['ignore', 'ignore_ament_install']
[1.280s] Level 1:colcon.colcon_core.package_identification:_identify(build) by extension 'ignore'
[1.280s] Level 1:colcon.colcon_core.package_identification:_identify(build) ignored
[1.280s] Level 1:colcon.colcon_core.package_identification:_identify(install) by extensions ['ignore', 'ignore_ament_install']
[1.280s] Level 1:colcon.colcon_core.package_identification:_identify(install) by extension 'ignore'
[1.280s] Level 1:colcon.colcon_core.package_identification:_identify(install) ignored
[1.280s] Level 1:colcon.colcon_core.package_identification:_identify(log) by extensions ['ignore', 'ignore_ament_install']
[1.280s] Level 1:colcon.colcon_core.package_identification:_identify(log) by extension 'ignore'
[1.280s] Level 1:colcon.colcon_core.package_identification:_identify(log) ignored
[1.281s] Level 1:colcon.colcon_core.package_identification:_identify(src) by extensions ['ignore', 'ignore_ament_install']
[1.281s] Level 1:colcon.colcon_core.package_identification:_identify(src) by extension 'ignore'
[1.281s] Level 1:colcon.colcon_core.package_identification:_identify(src) by extension 'ignore_ament_install'
[1.281s] Level 1:colcon.colcon_core.package_identification:_identify(src) by extensions ['colcon_pkg']
[1.281s] Level 1:colcon.colcon_core.package_identification:_identify(src) by extension 'colcon_pkg'
[1.281s] Level 1:colcon.colcon_core.package_identification:_identify(src) by extensions ['colcon_meta']
[1.281s] Level 1:colcon.colcon_core.package_identification:_identify(src) by extension 'colcon_meta'
[1.281s] Level 1:colcon.colcon_core.package_identification:_identify(src) by extensions ['ros']
[1.281s] Level 1:colcon.colcon_core.package_identification:_identify(src) by extension 'ros'
[1.281s] Level 1:colcon.colcon_core.package_identification:_identify(src) by extensions ['cmake', 'python']
[1.281s] Level 1:colcon.colcon_core.package_identification:_identify(src) by extension 'cmake'
[1.281s] Level 1:colcon.colcon_core.package_identification:_identify(src) by extension 'python'
[1.281s] Level 1:colcon.colcon_core.package_identification:_identify(src) by extensions ['python_setup_py']
[1.281s] Level 1:colcon.colcon_core.package_identification:_identify(src) by extension 'python_setup_py'
[1.281s] Level 1:colcon.colcon_core.package_identification:_identify(src/micro_ros_setup) by extensions ['ignore', 'ignore_ament_install']
[1.282s] Level 1:colcon.colcon_core.package_identification:_identify(src/micro_ros_setup) by extension 'ignore'
[1.282s] Level 1:colcon.colcon_core.package_identification:_identify(src/micro_ros_setup) by extension 'ignore_ament_install'
[1.282s] Level 1:colcon.colcon_core.package_identification:_identify(src/micro_ros_setup) by extensions ['colcon_pkg']
[1.282s] Level 1:colcon.colcon_core.package_identification:_identify(src/micro_ros_setup) by extension 'colcon_pkg'
[1.282s] Level 1:colcon.colcon_core.package_identification:_identify(src/micro_ros_setup) by extensions ['colcon_meta']
[1.282s] Level 1:colcon.colcon_core.package_identification:_identify(src/micro_ros_setup) by extension 'colcon_meta'
[1.282s] Level 1:colcon.colcon_core.package_identification:_identify(src/micro_ros_setup) by extensions ['ros']
[1.282s] Level 1:colcon.colcon_core.package_identification:_identify(src/micro_ros_setup) by extension 'ros'
[1.286s] DEBUG:colcon.colcon_core.package_identification:Package 'src/micro_ros_setup' with type 'ros.ament_cmake' and name 'micro_ros_setup'
[1.287s] Level 1:colcon.colcon_core.package_identification:_identify(src/uros) by extensions ['ignore', 'ignore_ament_install']
[1.287s] Level 1:colcon.colcon_core.package_identification:_identify(src/uros) by extension 'ignore'
[1.287s] Level 1:colcon.colcon_core.package_identification:_identify(src/uros) by extension 'ignore_ament_install'
[1.287s] Level 1:colcon.colcon_core.package_identification:_identify(src/uros) by extensions ['colcon_pkg']
[1.287s] Level 1:colcon.colcon_core.package_identification:_identify(src/uros) by extension 'colcon_pkg'
[1.287s] Level 1:colcon.colcon_core.package_identification:_identify(src/uros) by extensions ['colcon_meta']
[1.287s] Level 1:colcon.colcon_core.package_identification:_identify(src/uros) by extension 'colcon_meta'
[1.287s] Level 1:colcon.colcon_core.package_identification:_identify(src/uros) by extensions ['ros']
[1.287s] Level 1:colcon.colcon_core.package_identification:_identify(src/uros) by extension 'ros'
[1.287s] Level 1:colcon.colcon_core.package_identification:_identify(src/uros) by extensions ['cmake', 'python']
[1.287s] Level 1:colcon.colcon_core.package_identification:_identify(src/uros) by extension 'cmake'
[1.287s] Level 1:colcon.colcon_core.package_identification:_identify(src/uros) by extension 'python'
[1.287s] Level 1:colcon.colcon_core.package_identification:_identify(src/uros) by extensions ['python_setup_py']
[1.288s] Level 1:colcon.colcon_core.package_identification:_identify(src/uros) by extension 'python_setup_py'
[1.288s] Level 1:colcon.colcon_core.package_identification:_identify(src/uros/micro-ROS-Agent) by extensions ['ignore', 'ignore_ament_install']
[1.288s] Level 1:colcon.colcon_core.package_identification:_identify(src/uros/micro-ROS-Agent) by extension 'ignore'
[1.288s] Level 1:colcon.colcon_core.package_identification:_identify(src/uros/micro-ROS-Agent) by extension 'ignore_ament_install'
[1.288s] Level 1:colcon.colcon_core.package_identification:_identify(src/uros/micro-ROS-Agent) by extensions ['colcon_pkg']
[1.288s] Level 1:colcon.colcon_core.package_identification:_identify(src/uros/micro-ROS-Agent) by extension 'colcon_pkg'
[1.288s] Level 1:colcon.colcon_core.package_identification:_identify(src/uros/micro-ROS-Agent) by extensions ['colcon_meta']
[1.288s] Level 1:colcon.colcon_core.package_identification:_identify(src/uros/micro-ROS-Agent) by extension 'colcon_meta'
[1.288s] Level 1:colcon.colcon_core.package_identification:_identify(src/uros/micro-ROS-Agent) by extensions ['ros']
[1.288s] Level 1:colcon.colcon_core.package_identification:_identify(src/uros/micro-ROS-Agent) by extension 'ros'
[1.288s] Level 1:colcon.colcon_core.package_identification:_identify(src/uros/micro-ROS-Agent) by extensions ['cmake', 'python']
[1.288s] Level 1:colcon.colcon_core.package_identification:_identify(src/uros/micro-ROS-Agent) by extension 'cmake'
[1.288s] Level 1:colcon.colcon_core.package_identification:_identify(src/uros/micro-ROS-Agent) by extension 'python'
[1.288s] Level 1:colcon.colcon_core.package_identification:_identify(src/uros/micro-ROS-Agent) by extensions ['python_setup_py']
[1.288s] Level 1:colcon.colcon_core.package_identification:_identify(src/uros/micro-ROS-Agent) by extension 'python_setup_py'
[1.289s] Level 1:colcon.colcon_core.package_identification:_identify(src/uros/micro-ROS-Agent/micro_ros_agent) by extensions ['ignore', 'ignore_ament_install']
[1.289s] Level 1:colcon.colcon_core.package_identification:_identify(src/uros/micro-ROS-Agent/micro_ros_agent) by extension 'ignore'
[1.289s] Level 1:colcon.colcon_core.package_identification:_identify(src/uros/micro-ROS-Agent/micro_ros_agent) by extension 'ignore_ament_install'
[1.289s] Level 1:colcon.colcon_core.package_identification:_identify(src/uros/micro-ROS-Agent/micro_ros_agent) by extensions ['colcon_pkg']
[1.289s] Level 1:colcon.colcon_core.package_identification:_identify(src/uros/micro-ROS-Agent/micro_ros_agent) by extension 'colcon_pkg'
[1.289s] Level 1:colcon.colcon_core.package_identification:_identify(src/uros/micro-ROS-Agent/micro_ros_agent) by extensions ['colcon_meta']
[1.289s] Level 1:colcon.colcon_core.package_identification:_identify(src/uros/micro-ROS-Agent/micro_ros_agent) by extension 'colcon_meta'
[1.289s] Level 1:colcon.colcon_core.package_identification:_identify(src/uros/micro-ROS-Agent/micro_ros_agent) by extensions ['ros']
[1.289s] Level 1:colcon.colcon_core.package_identification:_identify(src/uros/micro-ROS-Agent/micro_ros_agent) by extension 'ros'
[1.290s] DEBUG:colcon.colcon_core.package_identification:Package 'src/uros/micro-ROS-Agent/micro_ros_agent' with type 'ros.ament_cmake' and name 'micro_ros_agent'
[1.290s] Level 1:colcon.colcon_core.package_identification:_identify(src/uros/micro-ROS-Agent/snap) by extensions ['ignore', 'ignore_ament_install']
[1.291s] Level 1:colcon.colcon_core.package_identification:_identify(src/uros/micro-ROS-Agent/snap) by extension 'ignore'
[1.291s] Level 1:colcon.colcon_core.package_identification:_identify(src/uros/micro-ROS-Agent/snap) by extension 'ignore_ament_install'
[1.291s] Level 1:colcon.colcon_core.package_identification:_identify(src/uros/micro-ROS-Agent/snap) by extensions ['colcon_pkg']
[1.291s] Level 1:colcon.colcon_core.package_identification:_identify(src/uros/micro-ROS-Agent/snap) by extension 'colcon_pkg'
[1.291s] Level 1:colcon.colcon_core.package_identification:_identify(src/uros/micro-ROS-Agent/snap) by extensions ['colcon_meta']
[1.291s] Level 1:colcon.colcon_core.package_identification:_identify(src/uros/micro-ROS-Agent/snap) by extension 'colcon_meta'
[1.291s] Level 1:colcon.colcon_core.package_identification:_identify(src/uros/micro-ROS-Agent/snap) by extensions ['ros']
[1.291s] Level 1:colcon.colcon_core.package_identification:_identify(src/uros/micro-ROS-Agent/snap) by extension 'ros'
[1.291s] Level 1:colcon.colcon_core.package_identification:_identify(src/uros/micro-ROS-Agent/snap) by extensions ['cmake', 'python']
[1.291s] Level 1:colcon.colcon_core.package_identification:_identify(src/uros/micro-ROS-Agent/snap) by extension 'cmake'
[1.291s] Level 1:colcon.colcon_core.package_identification:_identify(src/uros/micro-ROS-Agent/snap) by extension 'python'
[1.291s] Level 1:colcon.colcon_core.package_identification:_identify(src/uros/micro-ROS-Agent/snap) by extensions ['python_setup_py']
[1.291s] Level 1:colcon.colcon_core.package_identification:_identify(src/uros/micro-ROS-Agent/snap) by extension 'python_setup_py'
[1.291s] Level 1:colcon.colcon_core.package_identification:_identify(src/uros/micro-ROS-Agent/snap/hooks) by extensions ['ignore', 'ignore_ament_install']
[1.292s] Level 1:colcon.colcon_core.package_identification:_identify(src/uros/micro-ROS-Agent/snap/hooks) by extension 'ignore'
[1.292s] Level 1:colcon.colcon_core.package_identification:_identify(src/uros/micro-ROS-Agent/snap/hooks) by extension 'ignore_ament_install'
[1.292s] Level 1:colcon.colcon_core.package_identification:_identify(src/uros/micro-ROS-Agent/snap/hooks) by extensions ['colcon_pkg']
[1.292s] Level 1:colcon.colcon_core.package_identification:_identify(src/uros/micro-ROS-Agent/snap/hooks) by extension 'colcon_pkg'
[1.292s] Level 1:colcon.colcon_core.package_identification:_identify(src/uros/micro-ROS-Agent/snap/hooks) by extensions ['colcon_meta']
[1.292s] Level 1:colcon.colcon_core.package_identification:_identify(src/uros/micro-ROS-Agent/snap/hooks) by extension 'colcon_meta'
[1.292s] Level 1:colcon.colcon_core.package_identification:_identify(src/uros/micro-ROS-Agent/snap/hooks) by extensions ['ros']
[1.292s] Level 1:colcon.colcon_core.package_identification:_identify(src/uros/micro-ROS-Agent/snap/hooks) by extension 'ros'
[1.292s] Level 1:colcon.colcon_core.package_identification:_identify(src/uros/micro-ROS-Agent/snap/hooks) by extensions ['cmake', 'python']
[1.292s] Level 1:colcon.colcon_core.package_identification:_identify(src/uros/micro-ROS-Agent/snap/hooks) by extension 'cmake'
[1.292s] Level 1:colcon.colcon_core.package_identification:_identify(src/uros/micro-ROS-Agent/snap/hooks) by extension 'python'
[1.292s] Level 1:colcon.colcon_core.package_identification:_identify(src/uros/micro-ROS-Agent/snap/hooks) by extensions ['python_setup_py']
[1.292s] Level 1:colcon.colcon_core.package_identification:_identify(src/uros/micro-ROS-Agent/snap/hooks) by extension 'python_setup_py'
[1.292s] Level 1:colcon.colcon_core.package_identification:_identify(src/uros/micro-ROS-Agent/snap/local) by extensions ['ignore', 'ignore_ament_install']
[1.292s] Level 1:colcon.colcon_core.package_identification:_identify(src/uros/micro-ROS-Agent/snap/local) by extension 'ignore'
[1.293s] Level 1:colcon.colcon_core.package_identification:_identify(src/uros/micro-ROS-Agent/snap/local) by extension 'ignore_ament_install'
[1.293s] Level 1:colcon.colcon_core.package_identification:_identify(src/uros/micro-ROS-Agent/snap/local) by extensions ['colcon_pkg']
[1.293s] Level 1:colcon.colcon_core.package_identification:_identify(src/uros/micro-ROS-Agent/snap/local) by extension 'colcon_pkg'
[1.293s] Level 1:colcon.colcon_core.package_identification:_identify(src/uros/micro-ROS-Agent/snap/local) by extensions ['colcon_meta']
[1.293s] Level 1:colcon.colcon_core.package_identification:_identify(src/uros/micro-ROS-Agent/snap/local) by extension 'colcon_meta'
[1.293s] Level 1:colcon.colcon_core.package_identification:_identify(src/uros/micro-ROS-Agent/snap/local) by extensions ['ros']
[1.293s] Level 1:colcon.colcon_core.package_identification:_identify(src/uros/micro-ROS-Agent/snap/local) by extension 'ros'
[1.293s] Level 1:colcon.colcon_core.package_identification:_identify(src/uros/micro-ROS-Agent/snap/local) by extensions ['cmake', 'python']
[1.293s] Level 1:colcon.colcon_core.package_identification:_identify(src/uros/micro-ROS-Agent/snap/local) by extension 'cmake'
[1.293s] Level 1:colcon.colcon_core.package_identification:_identify(src/uros/micro-ROS-Agent/snap/local) by extension 'python'
[1.293s] Level 1:colcon.colcon_core.package_identification:_identify(src/uros/micro-ROS-Agent/snap/local) by extensions ['python_setup_py']
[1.293s] Level 1:colcon.colcon_core.package_identification:_identify(src/uros/micro-ROS-Agent/snap/local) by extension 'python_setup_py'
[1.293s] Level 1:colcon.colcon_core.package_identification:_identify(src/uros/micro_ros_msgs) by extensions ['ignore', 'ignore_ament_install']
[1.293s] Level 1:colcon.colcon_core.package_identification:_identify(src/uros/micro_ros_msgs) by extension 'ignore'
[1.293s] Level 1:colcon.colcon_core.package_identification:_identify(src/uros/micro_ros_msgs) by extension 'ignore_ament_install'
[1.294s] Level 1:colcon.colcon_core.package_identification:_identify(src/uros/micro_ros_msgs) by extensions ['colcon_pkg']
[1.294s] Level 1:colcon.colcon_core.package_identification:_identify(src/uros/micro_ros_msgs) by extension 'colcon_pkg'
[1.294s] Level 1:colcon.colcon_core.package_identification:_identify(src/uros/micro_ros_msgs) by extensions ['colcon_meta']
[1.294s] Level 1:colcon.colcon_core.package_identification:_identify(src/uros/micro_ros_msgs) by extension 'colcon_meta'
[1.294s] Level 1:colcon.colcon_core.package_identification:_identify(src/uros/micro_ros_msgs) by extensions ['ros']
[1.294s] Level 1:colcon.colcon_core.package_identification:_identify(src/uros/micro_ros_msgs) by extension 'ros'
[1.294s] DEBUG:colcon.colcon_core.package_identification:Package 'src/uros/micro_ros_msgs' with type 'ros.ament_cmake' and name 'micro_ros_msgs'
[1.294s] Level 1:colcon.colcon_core.package_discovery:discover_packages(recursive) using defaults
[1.295s] Level 1:colcon.colcon_core.package_discovery:discover_packages(ignore) discover
[1.295s] Level 1:colcon.colcon_core.package_discovery:discover_packages(ignore) using defaults
[1.295s] Level 1:colcon.colcon_core.package_discovery:discover_packages(path) discover
[1.295s] Level 1:colcon.colcon_core.package_discovery:discover_packages(path) using defaults
[1.374s] INFO:colcon.colcon_core.package_selection:Skipping package 'micro_ros_setup' in 'src/micro_ros_setup'
[1.407s] Level 1:colcon.colcon_core.package_discovery:discover_packages(prefix_path) check parameters
[1.407s] Level 1:colcon.colcon_core.package_discovery:discover_packages(prefix_path) discover
[1.442s] DEBUG:colcon.colcon_installed_package_information.package_discovery:Found 1 installed packages in /home/akhil-rover/ws_test_microros/install
[1.460s] DEBUG:colcon.colcon_installed_package_information.package_discovery:Found 270 installed packages in /opt/ros/humble
[1.461s] Level 1:colcon.colcon_core.package_discovery:discover_packages(prefix_path) using defaults
[1.573s] Level 5:colcon.colcon_core.verb:set package 'micro_ros_msgs' build argument 'cmake_args' from command line to '['-DUAGENT_BUILD_EXECUTABLE=OFF', '-DUAGENT_P2P_PROFILE=OFF', '--no-warn-unused-cli']'
[1.573s] Level 5:colcon.colcon_core.verb:set package 'micro_ros_msgs' build argument 'cmake_target' from command line to 'None'
[1.573s] Level 5:colcon.colcon_core.verb:set package 'micro_ros_msgs' build argument 'cmake_target_skip_unavailable' from command line to 'False'
[1.573s] Level 5:colcon.colcon_core.verb:set package 'micro_ros_msgs' build argument 'cmake_clean_cache' from command line to 'False'
[1.573s] Level 5:colcon.colcon_core.verb:set package 'micro_ros_msgs' build argument 'cmake_clean_first' from command line to 'False'
[1.573s] Level 5:colcon.colcon_core.verb:set package 'micro_ros_msgs' build argument 'cmake_force_configure' from command line to 'False'
[1.574s] Level 5:colcon.colcon_core.verb:set package 'micro_ros_msgs' build argument 'ament_cmake_args' from command line to 'None'
[1.574s] Level 5:colcon.colcon_core.verb:set package 'micro_ros_msgs' build argument 'catkin_cmake_args' from command line to 'None'
[1.574s] Level 5:colcon.colcon_core.verb:set package 'micro_ros_msgs' build argument 'catkin_skip_building_tests' from command line to 'False'
[1.574s] DEBUG:colcon.colcon_core.verb:Building package 'micro_ros_msgs' with the following arguments: {'ament_cmake_args': None, 'build_base': '/home/akhil-rover/ws_test_microros/build/micro_ros_msgs', 'catkin_cmake_args': None, 'catkin_skip_building_tests': False, 'cmake_args': ['-DUAGENT_BUILD_EXECUTABLE=OFF', '-DUAGENT_P2P_PROFILE=OFF', '--no-warn-unused-cli'], 'cmake_clean_cache': False, 'cmake_clean_first': False, 'cmake_force_configure': False, 'cmake_target': None, 'cmake_target_skip_unavailable': False, 'install_base': '/home/akhil-rover/ws_test_microros/install/micro_ros_msgs', 'merge_install': False, 'path': '/home/akhil-rover/ws_test_microros/src/uros/micro_ros_msgs', 'symlink_install': False, 'test_result_base': None}
[1.592s] Level 5:colcon.colcon_core.verb:set package 'micro_ros_agent' build argument 'cmake_args' from command line to '['-DUAGENT_BUILD_EXECUTABLE=OFF', '-DUAGENT_P2P_PROFILE=OFF', '--no-warn-unused-cli']'
[1.592s] Level 5:colcon.colcon_core.verb:set package 'micro_ros_agent' build argument 'cmake_target' from command line to 'None'
[1.592s] Level 5:colcon.colcon_core.verb:set package 'micro_ros_agent' build argument 'cmake_target_skip_unavailable' from command line to 'False'
[1.592s] Level 5:colcon.colcon_core.verb:set package 'micro_ros_agent' build argument 'cmake_clean_cache' from command line to 'False'
[1.592s] Level 5:colcon.colcon_core.verb:set package 'micro_ros_agent' build argument 'cmake_clean_first' from command line to 'False'
[1.592s] Level 5:colcon.colcon_core.verb:set package 'micro_ros_agent' build argument 'cmake_force_configure' from command line to 'False'
[1.592s] Level 5:colcon.colcon_core.verb:set package 'micro_ros_agent' build argument 'ament_cmake_args' from command line to 'None'
[1.592s] Level 5:colcon.colcon_core.verb:set package 'micro_ros_agent' build argument 'catkin_cmake_args' from command line to 'None'
[1.592s] Level 5:colcon.colcon_core.verb:set package 'micro_ros_agent' build argument 'catkin_skip_building_tests' from command line to 'False'
[1.592s] DEBUG:colcon.colcon_core.verb:Building package 'micro_ros_agent' with the following arguments: {'ament_cmake_args': None, 'build_base': '/home/akhil-rover/ws_test_microros/build/micro_ros_agent', 'catkin_cmake_args': None, 'catkin_skip_building_tests': False, 'cmake_args': ['-DUAGENT_BUILD_EXECUTABLE=OFF', '-DUAGENT_P2P_PROFILE=OFF', '--no-warn-unused-cli'], 'cmake_clean_cache': False, 'cmake_clean_first': False, 'cmake_force_configure': False, 'cmake_target': None, 'cmake_target_skip_unavailable': False, 'install_base': '/home/akhil-rover/ws_test_microros/install/micro_ros_agent', 'merge_install': False, 'path': '/home/akhil-rover/ws_test_microros/src/uros/micro-ROS-Agent/micro_ros_agent', 'symlink_install': False, 'test_result_base': None}
[1.610s] INFO:colcon.colcon_core.executor:Executing jobs using 'parallel' executor
[1.628s] DEBUG:colcon.colcon_parallel_executor.executor.parallel:run_until_complete
[1.628s] INFO:colcon.colcon_ros.task.ament_cmake.build:Building ROS package in '/home/akhil-rover/ws_test_microros/src/uros/micro_ros_msgs' with build type 'ament_cmake'
[1.628s] INFO:colcon.colcon_cmake.task.cmake.build:Building CMake package in '/home/akhil-rover/ws_test_microros/src/uros/micro_ros_msgs'
[1.653s] INFO:colcon.colcon_core.plugin_system:Skipping extension 'colcon_core.shell.bat': Not used on non-Windows systems
[1.654s] INFO:colcon.colcon_core.shell:Skip shell extension 'powershell' for command environment: Not usable outside of PowerShell
[1.654s] DEBUG:colcon.colcon_core.shell:Skip shell extension 'dsv' for command environment
[1.719s] DEBUG:colcon.colcon_core.event_handler.log_command:Invoking command in '/home/akhil-rover/ws_test_microros/build/micro_ros_msgs': CMAKE_PREFIX_PATH=${CMAKE_PREFIX_PATH}:/opt/ros/humble /usr/bin/cmake /home/akhil-rover/ws_test_microros/src/uros/micro_ros_msgs -DUAGENT_BUILD_EXECUTABLE=OFF -DUAGENT_P2P_PROFILE=OFF --no-warn-unused-cli -DCMAKE_INSTALL_PREFIX=/home/akhil-rover/ws_test_microros/install/micro_ros_msgs
[3.846s] DEBUG:colcon.colcon_core.event_handler.log_command:Invoked command in '/home/akhil-rover/ws_test_microros/build/micro_ros_msgs' returned '0': CMAKE_PREFIX_PATH=${CMAKE_PREFIX_PATH}:/opt/ros/humble /usr/bin/cmake /home/akhil-rover/ws_test_microros/src/uros/micro_ros_msgs -DUAGENT_BUILD_EXECUTABLE=OFF -DUAGENT_P2P_PROFILE=OFF --no-warn-unused-cli -DCMAKE_INSTALL_PREFIX=/home/akhil-rover/ws_test_microros/install/micro_ros_msgs
[3.849s] DEBUG:colcon.colcon_core.event_handler.log_command:Invoking command in '/home/akhil-rover/ws_test_microros/build/micro_ros_msgs': CMAKE_PREFIX_PATH=${CMAKE_PREFIX_PATH}:/opt/ros/humble /usr/bin/cmake --build /home/akhil-rover/ws_test_microros/build/micro_ros_msgs -- -j4 -l4
[12.977s] DEBUG:colcon.colcon_core.event_handler.log_command:Invoked command in '/home/akhil-rover/ws_test_microros/build/micro_ros_msgs' returned '0': CMAKE_PREFIX_PATH=${CMAKE_PREFIX_PATH}:/opt/ros/humble /usr/bin/cmake --build /home/akhil-rover/ws_test_microros/build/micro_ros_msgs -- -j4 -l4
[13.141s] DEBUG:colcon.colcon_core.event_handler.log_command:Invoking command in '/home/akhil-rover/ws_test_microros/build/micro_ros_msgs': CMAKE_PREFIX_PATH=${CMAKE_PREFIX_PATH}:/opt/ros/humble /usr/bin/cmake --install /home/akhil-rover/ws_test_microros/build/micro_ros_msgs
[13.263s] Level 1:colcon.colcon_core.environment:create_environment_scripts_only(micro_ros_msgs)
[13.264s] DEBUG:colcon.colcon_core.event_handler.log_command:Invoked command in '/home/akhil-rover/ws_test_microros/build/micro_ros_msgs' returned '0': CMAKE_PREFIX_PATH=${CMAKE_PREFIX_PATH}:/opt/ros/humble /usr/bin/cmake --install /home/akhil-rover/ws_test_microros/build/micro_ros_msgs
[13.290s] Level 1:colcon.colcon_core.environment:checking '/home/akhil-rover/ws_test_microros/install/micro_ros_msgs' for CMake module files
[13.290s] Level 1:colcon.colcon_core.environment:checking '/home/akhil-rover/ws_test_microros/install/micro_ros_msgs' for CMake config files
[13.291s] Level 1:colcon.colcon_core.shell:create_environment_hook('micro_ros_msgs', 'cmake_prefix_path')
[13.312s] INFO:colcon.colcon_core.shell:Creating environment hook '/home/akhil-rover/ws_test_microros/install/micro_ros_msgs/share/micro_ros_msgs/hook/cmake_prefix_path.ps1'
[13.313s] INFO:colcon.colcon_core.shell:Creating environment descriptor '/home/akhil-rover/ws_test_microros/install/micro_ros_msgs/share/micro_ros_msgs/hook/cmake_prefix_path.dsv'
[13.313s] INFO:colcon.colcon_core.shell:Creating environment hook '/home/akhil-rover/ws_test_microros/install/micro_ros_msgs/share/micro_ros_msgs/hook/cmake_prefix_path.sh'
[13.315s] Level 1:colcon.colcon_core.environment:checking '/home/akhil-rover/ws_test_microros/install/micro_ros_msgs/lib'
[13.315s] Level 1:colcon.colcon_core.shell:create_environment_hook('micro_ros_msgs', 'ld_library_path_lib')
[13.336s] INFO:colcon.colcon_core.shell:Creating environment hook '/home/akhil-rover/ws_test_microros/install/micro_ros_msgs/share/micro_ros_msgs/hook/ld_library_path_lib.ps1'
[13.337s] INFO:colcon.colcon_core.shell:Creating environment descriptor '/home/akhil-rover/ws_test_microros/install/micro_ros_msgs/share/micro_ros_msgs/hook/ld_library_path_lib.dsv'
[13.337s] INFO:colcon.colcon_core.shell:Creating environment hook '/home/akhil-rover/ws_test_microros/install/micro_ros_msgs/share/micro_ros_msgs/hook/ld_library_path_lib.sh'
[13.338s] Level 1:colcon.colcon_core.environment:checking '/home/akhil-rover/ws_test_microros/install/micro_ros_msgs/bin'
[13.338s] Level 1:colcon.colcon_core.environment:checking '/home/akhil-rover/ws_test_microros/install/micro_ros_msgs/lib/pkgconfig/micro_ros_msgs.pc'
[13.338s] Level 1:colcon.colcon_core.environment:checking '/home/akhil-rover/ws_test_microros/install/micro_ros_msgs/lib/python3.10/site-packages'
[13.339s] Level 1:colcon.colcon_core.environment:checking '/home/akhil-rover/ws_test_microros/install/micro_ros_msgs/bin'
[13.364s] INFO:colcon.colcon_core.shell:Creating package script '/home/akhil-rover/ws_test_microros/install/micro_ros_msgs/share/micro_ros_msgs/package.ps1'
[13.366s] INFO:colcon.colcon_core.shell:Creating package descriptor '/home/akhil-rover/ws_test_microros/install/micro_ros_msgs/share/micro_ros_msgs/package.dsv'
[13.367s] INFO:colcon.colcon_core.shell:Creating package script '/home/akhil-rover/ws_test_microros/install/micro_ros_msgs/share/micro_ros_msgs/package.sh'
[13.368s] INFO:colcon.colcon_core.shell:Creating package script '/home/akhil-rover/ws_test_microros/install/micro_ros_msgs/share/micro_ros_msgs/package.bash'
[13.369s] INFO:colcon.colcon_core.shell:Creating package script '/home/akhil-rover/ws_test_microros/install/micro_ros_msgs/share/micro_ros_msgs/package.zsh'
[13.370s] Level 1:colcon.colcon_core.environment:create_file_with_runtime_dependencies(/home/akhil-rover/ws_test_microros/install/micro_ros_msgs/share/colcon-core/packages/micro_ros_msgs)
[13.520s] Level 1:colcon.colcon_core.environment:create_environment_scripts_only(micro_ros_msgs)
[13.542s] Level 1:colcon.colcon_core.environment:checking '/home/akhil-rover/ws_test_microros/install/micro_ros_msgs' for CMake module files
[13.543s] Level 1:colcon.colcon_core.environment:checking '/home/akhil-rover/ws_test_microros/install/micro_ros_msgs' for CMake config files
[13.543s] Level 1:colcon.colcon_core.shell:create_environment_hook('micro_ros_msgs', 'cmake_prefix_path')
[13.568s] INFO:colcon.colcon_core.shell:Creating environment hook '/home/akhil-rover/ws_test_microros/install/micro_ros_msgs/share/micro_ros_msgs/hook/cmake_prefix_path.ps1'
[13.569s] INFO:colcon.colcon_core.shell:Creating environment descriptor '/home/akhil-rover/ws_test_microros/install/micro_ros_msgs/share/micro_ros_msgs/hook/cmake_prefix_path.dsv'
[13.569s] INFO:colcon.colcon_core.shell:Creating environment hook '/home/akhil-rover/ws_test_microros/install/micro_ros_msgs/share/micro_ros_msgs/hook/cmake_prefix_path.sh'
[13.570s] Level 1:colcon.colcon_core.environment:checking '/home/akhil-rover/ws_test_microros/install/micro_ros_msgs/lib'
[13.570s] Level 1:colcon.colcon_core.shell:create_environment_hook('micro_ros_msgs', 'ld_library_path_lib')
[13.590s] INFO:colcon.colcon_core.shell:Creating environment hook '/home/akhil-rover/ws_test_microros/install/micro_ros_msgs/share/micro_ros_msgs/hook/ld_library_path_lib.ps1'
[13.591s] INFO:colcon.colcon_core.shell:Creating environment descriptor '/home/akhil-rover/ws_test_microros/install/micro_ros_msgs/share/micro_ros_msgs/hook/ld_library_path_lib.dsv'
[13.592s] INFO:colcon.colcon_core.shell:Creating environment hook '/home/akhil-rover/ws_test_microros/install/micro_ros_msgs/share/micro_ros_msgs/hook/ld_library_path_lib.sh'
[13.592s] Level 1:colcon.colcon_core.environment:checking '/home/akhil-rover/ws_test_microros/install/micro_ros_msgs/bin'
[13.593s] Level 1:colcon.colcon_core.environment:checking '/home/akhil-rover/ws_test_microros/install/micro_ros_msgs/lib/pkgconfig/micro_ros_msgs.pc'
[13.593s] Level 1:colcon.colcon_core.environment:checking '/home/akhil-rover/ws_test_microros/install/micro_ros_msgs/lib/python3.10/site-packages'
[13.593s] Level 1:colcon.colcon_core.environment:checking '/home/akhil-rover/ws_test_microros/install/micro_ros_msgs/bin'
[13.614s] INFO:colcon.colcon_core.shell:Creating package script '/home/akhil-rover/ws_test_microros/install/micro_ros_msgs/share/micro_ros_msgs/package.ps1'
[13.615s] INFO:colcon.colcon_core.shell:Creating package descriptor '/home/akhil-rover/ws_test_microros/install/micro_ros_msgs/share/micro_ros_msgs/package.dsv'
[13.616s] INFO:colcon.colcon_core.shell:Creating package script '/home/akhil-rover/ws_test_microros/install/micro_ros_msgs/share/micro_ros_msgs/package.sh'
[13.616s] INFO:colcon.colcon_core.shell:Creating package script '/home/akhil-rover/ws_test_microros/install/micro_ros_msgs/share/micro_ros_msgs/package.bash'
[13.617s] INFO:colcon.colcon_core.shell:Creating package script '/home/akhil-rover/ws_test_microros/install/micro_ros_msgs/share/micro_ros_msgs/package.zsh'
[13.617s] Level 1:colcon.colcon_core.environment:create_file_with_runtime_dependencies(/home/akhil-rover/ws_test_microros/install/micro_ros_msgs/share/colcon-core/packages/micro_ros_msgs)
[13.618s] INFO:colcon.colcon_ros.task.ament_cmake.build:Building ROS package in '/home/akhil-rover/ws_test_microros/src/uros/micro-ROS-Agent/micro_ros_agent' with build type 'ament_cmake'
[13.618s] INFO:colcon.colcon_cmake.task.cmake.build:Building CMake package in '/home/akhil-rover/ws_test_microros/src/uros/micro-ROS-Agent/micro_ros_agent'
[13.640s] INFO:colcon.colcon_core.shell:Skip shell extension 'powershell' for command environment: Not usable outside of PowerShell
[13.640s] DEBUG:colcon.colcon_core.shell:Skip shell extension 'dsv' for command environment
[13.713s] DEBUG:colcon.colcon_core.event_handler.log_command:Invoking command in '/home/akhil-rover/ws_test_microros/build/micro_ros_agent': AMENT_PREFIX_PATH=/home/akhil-rover/ws_test_microros/install/micro_ros_msgs:${AMENT_PREFIX_PATH} CMAKE_PREFIX_PATH=/home/akhil-rover/ws_test_microros/install/micro_ros_msgs:/home/akhil-rover/ws_test_microros/install/micro_ros_setup:/opt/ros/humble LD_LIBRARY_PATH=/home/akhil-rover/ws_test_microros/install/micro_ros_msgs/lib:${LD_LIBRARY_PATH} PYTHONPATH=/home/akhil-rover/ws_test_microros/install/micro_ros_msgs/local/lib/python3.10/dist-packages:${PYTHONPATH} /usr/bin/cmake /home/akhil-rover/ws_test_microros/src/uros/micro-ROS-Agent/micro_ros_agent -DUAGENT_BUILD_EXECUTABLE=OFF -DUAGENT_P2P_PROFILE=OFF --no-warn-unused-cli -DCMAKE_INSTALL_PREFIX=/home/akhil-rover/ws_test_microros/install/micro_ros_agent
[14.259s] DEBUG:colcon.colcon_core.event_handler.log_command:Invoked command in '/home/akhil-rover/ws_test_microros/build/micro_ros_agent' returned '0': AMENT_PREFIX_PATH=/home/akhil-rover/ws_test_microros/install/micro_ros_msgs:${AMENT_PREFIX_PATH} CMAKE_PREFIX_PATH=/home/akhil-rover/ws_test_microros/install/micro_ros_msgs:/home/akhil-rover/ws_test_microros/install/micro_ros_setup:/opt/ros/humble LD_LIBRARY_PATH=/home/akhil-rover/ws_test_microros/install/micro_ros_msgs/lib:${LD_LIBRARY_PATH} PYTHONPATH=/home/akhil-rover/ws_test_microros/install/micro_ros_msgs/local/lib/python3.10/dist-packages:${PYTHONPATH} /usr/bin/cmake /home/akhil-rover/ws_test_microros/src/uros/micro-ROS-Agent/micro_ros_agent -DUAGENT_BUILD_EXECUTABLE=OFF -DUAGENT_P2P_PROFILE=OFF --no-warn-unused-cli -DCMAKE_INSTALL_PREFIX=/home/akhil-rover/ws_test_microros/install/micro_ros_agent
[14.261s] DEBUG:colcon.colcon_core.event_handler.log_command:Invoking command in '/home/akhil-rover/ws_test_microros/build/micro_ros_agent': AMENT_PREFIX_PATH=/home/akhil-rover/ws_test_microros/install/micro_ros_msgs:${AMENT_PREFIX_PATH} CMAKE_PREFIX_PATH=/home/akhil-rover/ws_test_microros/install/micro_ros_msgs:/home/akhil-rover/ws_test_microros/install/micro_ros_setup:/opt/ros/humble LD_LIBRARY_PATH=/home/akhil-rover/ws_test_microros/install/micro_ros_msgs/lib:${LD_LIBRARY_PATH} PYTHONPATH=/home/akhil-rover/ws_test_microros/install/micro_ros_msgs/local/lib/python3.10/dist-packages:${PYTHONPATH} /usr/bin/cmake --build /home/akhil-rover/ws_test_microros/build/micro_ros_agent -- -j4 -l4
[121.746s] DEBUG:colcon.colcon_core.event_handler.log_command:Invoked command in '/home/akhil-rover/ws_test_microros/build/micro_ros_agent' returned '0': AMENT_PREFIX_PATH=/home/akhil-rover/ws_test_microros/install/micro_ros_msgs:${AMENT_PREFIX_PATH} CMAKE_PREFIX_PATH=/home/akhil-rover/ws_test_microros/install/micro_ros_msgs:/home/akhil-rover/ws_test_microros/install/micro_ros_setup:/opt/ros/humble LD_LIBRARY_PATH=/home/akhil-rover/ws_test_microros/install/micro_ros_msgs/lib:${LD_LIBRARY_PATH} PYTHONPATH=/home/akhil-rover/ws_test_microros/install/micro_ros_msgs/local/lib/python3.10/dist-packages:${PYTHONPATH} /usr/bin/cmake --build /home/akhil-rover/ws_test_microros/build/micro_ros_agent -- -j4 -l4
[121.793s] DEBUG:colcon.colcon_core.event_handler.log_command:Invoking command in '/home/akhil-rover/ws_test_microros/build/micro_ros_agent': AMENT_PREFIX_PATH=/home/akhil-rover/ws_test_microros/install/micro_ros_msgs:${AMENT_PREFIX_PATH} CMAKE_PREFIX_PATH=/home/akhil-rover/ws_test_microros/install/micro_ros_msgs:/home/akhil-rover/ws_test_microros/install/micro_ros_setup:/opt/ros/humble LD_LIBRARY_PATH=/home/akhil-rover/ws_test_microros/install/micro_ros_msgs/lib:${LD_LIBRARY_PATH} PYTHONPATH=/home/akhil-rover/ws_test_microros/install/micro_ros_msgs/local/lib/python3.10/dist-packages:${PYTHONPATH} /usr/bin/cmake --install /home/akhil-rover/ws_test_microros/build/micro_ros_agent
[121.816s] Level 1:colcon.colcon_core.environment:create_environment_scripts_only(micro_ros_agent)
[121.817s] DEBUG:colcon.colcon_core.event_handler.log_command:Invoked command in '/home/akhil-rover/ws_test_microros/build/micro_ros_agent' returned '0': AMENT_PREFIX_PATH=/home/akhil-rover/ws_test_microros/install/micro_ros_msgs:${AMENT_PREFIX_PATH} CMAKE_PREFIX_PATH=/home/akhil-rover/ws_test_microros/install/micro_ros_msgs:/home/akhil-rover/ws_test_microros/install/micro_ros_setup:/opt/ros/humble LD_LIBRARY_PATH=/home/akhil-rover/ws_test_microros/install/micro_ros_msgs/lib:${LD_LIBRARY_PATH} PYTHONPATH=/home/akhil-rover/ws_test_microros/install/micro_ros_msgs/local/lib/python3.10/dist-packages:${PYTHONPATH} /usr/bin/cmake --install /home/akhil-rover/ws_test_microros/build/micro_ros_agent
[121.860s] Level 1:colcon.colcon_core.environment:checking '/home/akhil-rover/ws_test_microros/install/micro_ros_agent' for CMake module files
[121.860s] Level 1:colcon.colcon_core.environment:checking '/home/akhil-rover/ws_test_microros/install/micro_ros_agent' for CMake config files
[121.861s] Level 1:colcon.colcon_core.shell:create_environment_hook('micro_ros_agent', 'cmake_prefix_path')
[121.884s] INFO:colcon.colcon_core.shell:Creating environment hook '/home/akhil-rover/ws_test_microros/install/micro_ros_agent/share/micro_ros_agent/hook/cmake_prefix_path.ps1'
[121.885s] INFO:colcon.colcon_core.shell:Creating environment descriptor '/home/akhil-rover/ws_test_microros/install/micro_ros_agent/share/micro_ros_agent/hook/cmake_prefix_path.dsv'
[121.885s] INFO:colcon.colcon_core.shell:Creating environment hook '/home/akhil-rover/ws_test_microros/install/micro_ros_agent/share/micro_ros_agent/hook/cmake_prefix_path.sh'
[121.886s] Level 1:colcon.colcon_core.environment:checking '/home/akhil-rover/ws_test_microros/install/micro_ros_agent/lib'
[121.886s] Level 1:colcon.colcon_core.shell:create_environment_hook('micro_ros_agent', 'ld_library_path_lib')
[121.905s] INFO:colcon.colcon_core.shell:Creating environment hook '/home/akhil-rover/ws_test_microros/install/micro_ros_agent/share/micro_ros_agent/hook/ld_library_path_lib.ps1'
[121.906s] INFO:colcon.colcon_core.shell:Creating environment descriptor '/home/akhil-rover/ws_test_microros/install/micro_ros_agent/share/micro_ros_agent/hook/ld_library_path_lib.dsv'
[121.906s] INFO:colcon.colcon_core.shell:Creating environment hook '/home/akhil-rover/ws_test_microros/install/micro_ros_agent/share/micro_ros_agent/hook/ld_library_path_lib.sh'
[121.907s] Level 1:colcon.colcon_core.environment:checking '/home/akhil-rover/ws_test_microros/install/micro_ros_agent/bin'
[121.907s] Level 1:colcon.colcon_core.environment:checking '/home/akhil-rover/ws_test_microros/install/micro_ros_agent/lib/pkgconfig/micro_ros_agent.pc'
[121.907s] Level 1:colcon.colcon_core.environment:checking '/home/akhil-rover/ws_test_microros/install/micro_ros_agent/lib/python3.10/site-packages'
[121.908s] Level 1:colcon.colcon_core.environment:checking '/home/akhil-rover/ws_test_microros/install/micro_ros_agent/bin'
[121.927s] INFO:colcon.colcon_core.shell:Creating package script '/home/akhil-rover/ws_test_microros/install/micro_ros_agent/share/micro_ros_agent/package.ps1'
[121.927s] INFO:colcon.colcon_core.shell:Creating package descriptor '/home/akhil-rover/ws_test_microros/install/micro_ros_agent/share/micro_ros_agent/package.dsv'
[121.928s] INFO:colcon.colcon_core.shell:Creating package script '/home/akhil-rover/ws_test_microros/install/micro_ros_agent/share/micro_ros_agent/package.sh'
[121.928s] INFO:colcon.colcon_core.shell:Creating package script '/home/akhil-rover/ws_test_microros/install/micro_ros_agent/share/micro_ros_agent/package.bash'
[121.929s] INFO:colcon.colcon_core.shell:Creating package script '/home/akhil-rover/ws_test_microros/install/micro_ros_agent/share/micro_ros_agent/package.zsh'
[121.929s] Level 1:colcon.colcon_core.environment:create_file_with_runtime_dependencies(/home/akhil-rover/ws_test_microros/install/micro_ros_agent/share/colcon-core/packages/micro_ros_agent)
[121.990s] Level 1:colcon.colcon_core.environment:create_environment_scripts_only(micro_ros_agent)
[122.008s] Level 1:colcon.colcon_core.environment:checking '/home/akhil-rover/ws_test_microros/install/micro_ros_agent' for CMake module files
[122.009s] Level 1:colcon.colcon_core.environment:checking '/home/akhil-rover/ws_test_microros/install/micro_ros_agent' for CMake config files
[122.009s] Level 1:colcon.colcon_core.shell:create_environment_hook('micro_ros_agent', 'cmake_prefix_path')
[122.028s] INFO:colcon.colcon_core.shell:Creating environment hook '/home/akhil-rover/ws_test_microros/install/micro_ros_agent/share/micro_ros_agent/hook/cmake_prefix_path.ps1'
[122.028s] INFO:colcon.colcon_core.shell:Creating environment descriptor '/home/akhil-rover/ws_test_microros/install/micro_ros_agent/share/micro_ros_agent/hook/cmake_prefix_path.dsv'
[122.029s] INFO:colcon.colcon_core.shell:Creating environment hook '/home/akhil-rover/ws_test_microros/install/micro_ros_agent/share/micro_ros_agent/hook/cmake_prefix_path.sh'
[122.029s] Level 1:colcon.colcon_core.environment:checking '/home/akhil-rover/ws_test_microros/install/micro_ros_agent/lib'
[122.030s] Level 1:colcon.colcon_core.shell:create_environment_hook('micro_ros_agent', 'ld_library_path_lib')
[122.047s] INFO:colcon.colcon_core.shell:Creating environment hook '/home/akhil-rover/ws_test_microros/install/micro_ros_agent/share/micro_ros_agent/hook/ld_library_path_lib.ps1'
[122.047s] INFO:colcon.colcon_core.shell:Creating environment descriptor '/home/akhil-rover/ws_test_microros/install/micro_ros_agent/share/micro_ros_agent/hook/ld_library_path_lib.dsv'
[122.048s] INFO:colcon.colcon_core.shell:Creating environment hook '/home/akhil-rover/ws_test_microros/install/micro_ros_agent/share/micro_ros_agent/hook/ld_library_path_lib.sh'
[122.048s] Level 1:colcon.colcon_core.environment:checking '/home/akhil-rover/ws_test_microros/install/micro_ros_agent/bin'
[122.048s] Level 1:colcon.colcon_core.environment:checking '/home/akhil-rover/ws_test_microros/install/micro_ros_agent/lib/pkgconfig/micro_ros_agent.pc'
[122.049s] Level 1:colcon.colcon_core.environment:checking '/home/akhil-rover/ws_test_microros/install/micro_ros_agent/lib/python3.10/site-packages'
[122.049s] Level 1:colcon.colcon_core.environment:checking '/home/akhil-rover/ws_test_microros/install/micro_ros_agent/bin'
[122.067s] INFO:colcon.colcon_core.shell:Creating package script '/home/akhil-rover/ws_test_microros/install/micro_ros_agent/share/micro_ros_agent/package.ps1'
[122.068s] INFO:colcon.colcon_core.shell:Creating package descriptor '/home/akhil-rover/ws_test_microros/install/micro_ros_agent/share/micro_ros_agent/package.dsv'
[122.069s] INFO:colcon.colcon_core.shell:Creating package script '/home/akhil-rover/ws_test_microros/install/micro_ros_agent/share/micro_ros_agent/package.sh'
[122.069s] INFO:colcon.colcon_core.shell:Creating package script '/home/akhil-rover/ws_test_microros/install/micro_ros_agent/share/micro_ros_agent/package.bash'
[122.070s] INFO:colcon.colcon_core.shell:Creating package script '/home/akhil-rover/ws_test_microros/install/micro_ros_agent/share/micro_ros_agent/package.zsh'
[122.070s] Level 1:colcon.colcon_core.environment:create_file_with_runtime_dependencies(/home/akhil-rover/ws_test_microros/install/micro_ros_agent/share/colcon-core/packages/micro_ros_agent)
[122.071s] DEBUG:colcon.colcon_parallel_executor.executor.parallel:closing loop
[122.071s] DEBUG:colcon.colcon_parallel_executor.executor.parallel:loop closed
[122.071s] DEBUG:colcon.colcon_parallel_executor.executor.parallel:run_until_complete finished with '0'
[122.071s] DEBUG:colcon.colcon_core.event_reactor:joining thread
[122.101s] INFO:colcon.colcon_core.plugin_system:Skipping extension 'colcon_notification.desktop_notification.terminal_notifier': Not used on non-Darwin systems
[122.102s] INFO:colcon.colcon_core.plugin_system:Skipping extension 'colcon_notification.desktop_notification.win32': Not used on non-Windows systems
[122.102s] INFO:colcon.colcon_notification.desktop_notification:Sending desktop notification using 'notify2'
[122.118s] DEBUG:colcon.colcon_core.event_reactor:joined thread
[122.144s] INFO:colcon.colcon_core.shell:Creating prefix script '/home/akhil-rover/ws_test_microros/install/local_setup.ps1'
[122.145s] INFO:colcon.colcon_core.shell:Creating prefix util module '/home/akhil-rover/ws_test_microros/install/_local_setup_util_ps1.py'
[122.147s] INFO:colcon.colcon_core.shell:Creating prefix chain script '/home/akhil-rover/ws_test_microros/install/setup.ps1'
[122.167s] INFO:colcon.colcon_core.shell:Creating prefix script '/home/akhil-rover/ws_test_microros/install/local_setup.sh'
[122.168s] INFO:colcon.colcon_core.shell:Creating prefix util module '/home/akhil-rover/ws_test_microros/install/_local_setup_util_sh.py'
[122.168s] INFO:colcon.colcon_core.shell:Creating prefix chain script '/home/akhil-rover/ws_test_microros/install/setup.sh'
[122.188s] INFO:colcon.colcon_core.shell:Creating prefix script '/home/akhil-rover/ws_test_microros/install/local_setup.bash'
[122.189s] INFO:colcon.colcon_core.shell:Creating prefix chain script '/home/akhil-rover/ws_test_microros/install/setup.bash'
[122.209s] INFO:colcon.colcon_core.shell:Creating prefix script '/home/akhil-rover/ws_test_microros/install/local_setup.zsh'
[122.210s] INFO:colcon.colcon_core.shell:Creating prefix chain script '/home/akhil-rover/ws_test_microros/install/setup.zsh'
