-- The C compiler identification is GNU 11.4.0
-- The CXX compiler identification is GNU 11.4.0
-- Detecting C compiler ABI info
-- Detecting C compiler ABI info - done
-- Check for working C compiler: /usr/bin/cc - skipped
-- Detecting C compile features
-- Detecting C compile features - done
-- Detecting CXX compiler ABI info
-- Detecting CXX compiler ABI info - done
-- Check for working CXX compiler: /usr/bin/c++ - skipped
-- Detecting CXX compile features
-- Detecting CXX compile features - done
-- Found ament_cmake: 1.3.7 (/opt/ros/humble/share/ament_cmake/cmake)
-- Found Python3: /usr/bin/python3.10 (found version "3.10.12") found components: Interpreter 
-- Found ament_lint_auto: 0.12.10 (/opt/ros/humble/share/ament_lint_auto/cmake)
-- Added test 'cppcheck' to perform static code analysis on C / C++ code
-- Configured cppcheck include dirs: $<BUILD_INTERFACE:/home/akhil-rover/rover/team_rover/src/package_example/include>
-- Configured cppcheck exclude dirs and/or files: 
-- Added test 'lint_cmake' to check CMake code style
-- Added test 'uncrustify' to check C / C++ code style
-- Configured uncrustify additional arguments: 
-- Added test 'xmllint' to check XML markup files
-- Configuring done
-- Generating done
-- Build files have been written to: /home/akhil-rover/rover/team_rover/build/package_example
[ 50%] [32mBuilding CXX object CMakeFiles/node_example.dir/src/node_example.cpp.o[0m
[100%] [32m[1mLinking CXX executable node_example[0m
[100%] Built target node_example
-- Install configuration: ""
-- Installing: /home/akhil-rover/rover/team_rover/install/package_example/lib/package_example/node_example
-- Installing: /home/akhil-rover/rover/team_rover/install/package_example/share/ament_index/resource_index/package_run_dependencies/package_example
-- Installing: /home/akhil-rover/rover/team_rover/install/package_example/share/ament_index/resource_index/parent_prefix_path/package_example
-- Installing: /home/akhil-rover/rover/team_rover/install/package_example/share/package_example/environment/ament_prefix_path.sh
-- Installing: /home/akhil-rover/rover/team_rover/install/package_example/share/package_example/environment/ament_prefix_path.dsv
-- Installing: /home/akhil-rover/rover/team_rover/install/package_example/share/package_example/environment/path.sh
-- Installing: /home/akhil-rover/rover/team_rover/install/package_example/share/package_example/environment/path.dsv
-- Installing: /home/akhil-rover/rover/team_rover/install/package_example/share/package_example/local_setup.bash
-- Installing: /home/akhil-rover/rover/team_rover/install/package_example/share/package_example/local_setup.sh
-- Installing: /home/akhil-rover/rover/team_rover/install/package_example/share/package_example/local_setup.zsh
-- Installing: /home/akhil-rover/rover/team_rover/install/package_example/share/package_example/local_setup.dsv
-- Installing: /home/akhil-rover/rover/team_rover/install/package_example/share/package_example/package.dsv
-- Installing: /home/akhil-rover/rover/team_rover/install/package_example/share/ament_index/resource_index/packages/package_example
-- Installing: /home/akhil-rover/rover/team_rover/install/package_example/share/package_example/cmake/package_exampleConfig.cmake
-- Installing: /home/akhil-rover/rover/team_rover/install/package_example/share/package_example/cmake/package_exampleConfig-version.cmake
-- Installing: /home/akhil-rover/rover/team_rover/install/package_example/share/package_example/package.xml
