[0.038s] Invoking command in '/home/akhil-rover/rover/team_rover/build/package_example': CMAKE_PREFIX_PATH=${CMAKE_PREFIX_PATH}:/opt/ros/humble /usr/bin/cmake /home/akhil-rover/rover/team_rover/src/package_example -DCMAKE_INSTALL_PREFIX=/home/akhil-rover/rover/team_rover/install/package_example
[0.073s] -- The C compiler identification is GNU 11.4.0
[0.110s] -- The CXX compiler identification is GNU 11.4.0
[0.115s] -- Detecting C compiler ABI info
[0.161s] -- Detecting C compiler ABI info - done
[0.166s] -- Check for working C compiler: /usr/bin/cc - skipped
[0.166s] -- Detecting C compile features
[0.166s] -- Detecting C compile features - done
[0.168s] -- Detecting CXX compiler ABI info
[0.221s] -- Detecting CXX compiler ABI info - done
[0.227s] -- Check for working CXX compiler: /usr/bin/c++ - skipped
[0.227s] -- Detecting CXX compile features
[0.227s] -- Detecting CXX compile features - done
[0.228s] -- Found ament_cmake: 1.3.7 (/opt/ros/humble/share/ament_cmake/cmake)
[0.342s] -- Found Python3: /usr/bin/python3.10 (found version "3.10.12") found components: Interpreter 
[0.398s] -- Found ament_lint_auto: 0.12.10 (/opt/ros/humble/share/ament_lint_auto/cmake)
[0.453s] -- Added test 'cppcheck' to perform static code analysis on C / C++ code
[0.453s] -- Configured cppcheck include dirs: $<BUILD_INTERFACE:/home/akhil-rover/rover/team_rover/src/package_example/include>
[0.453s] -- Configured cppcheck exclude dirs and/or files: 
[0.453s] -- Added test 'lint_cmake' to check CMake code style
[0.454s] -- Added test 'uncrustify' to check C / C++ code style
[0.454s] -- Configured uncrustify additional arguments: 
[0.454s] -- Added test 'xmllint' to check XML markup files
[0.455s] -- Configuring done
[0.457s] -- Generating done
[0.458s] -- Build files have been written to: /home/akhil-rover/rover/team_rover/build/package_example
[0.461s] Invoked command in '/home/akhil-rover/rover/team_rover/build/package_example' returned '0': CMAKE_PREFIX_PATH=${CMAKE_PREFIX_PATH}:/opt/ros/humble /usr/bin/cmake /home/akhil-rover/rover/team_rover/src/package_example -DCMAKE_INSTALL_PREFIX=/home/akhil-rover/rover/team_rover/install/package_example
[0.462s] Invoking command in '/home/akhil-rover/rover/team_rover/build/package_example': CMAKE_PREFIX_PATH=${CMAKE_PREFIX_PATH}:/opt/ros/humble /usr/bin/cmake --build /home/akhil-rover/rover/team_rover/build/package_example -- -j4 -l4
[0.496s] [ 50%] [32mBuilding CXX object CMakeFiles/node_example.dir/src/node_example.cpp.o[0m
[0.515s] [100%] [32m[1mLinking CXX executable node_example[0m
[0.547s] [100%] Built target node_example
[0.555s] Invoked command in '/home/akhil-rover/rover/team_rover/build/package_example' returned '0': CMAKE_PREFIX_PATH=${CMAKE_PREFIX_PATH}:/opt/ros/humble /usr/bin/cmake --build /home/akhil-rover/rover/team_rover/build/package_example -- -j4 -l4
[0.576s] Invoking command in '/home/akhil-rover/rover/team_rover/build/package_example': CMAKE_PREFIX_PATH=${CMAKE_PREFIX_PATH}:/opt/ros/humble /usr/bin/cmake --install /home/akhil-rover/rover/team_rover/build/package_example
[0.581s] -- Install configuration: ""
[0.581s] -- Installing: /home/akhil-rover/rover/team_rover/install/package_example/lib/package_example/node_example
[0.581s] -- Installing: /home/akhil-rover/rover/team_rover/install/package_example/share/ament_index/resource_index/package_run_dependencies/package_example
[0.581s] -- Installing: /home/akhil-rover/rover/team_rover/install/package_example/share/ament_index/resource_index/parent_prefix_path/package_example
[0.581s] -- Installing: /home/akhil-rover/rover/team_rover/install/package_example/share/package_example/environment/ament_prefix_path.sh
[0.581s] -- Installing: /home/akhil-rover/rover/team_rover/install/package_example/share/package_example/environment/ament_prefix_path.dsv
[0.581s] -- Installing: /home/akhil-rover/rover/team_rover/install/package_example/share/package_example/environment/path.sh
[0.581s] -- Installing: /home/akhil-rover/rover/team_rover/install/package_example/share/package_example/environment/path.dsv
[0.581s] -- Installing: /home/akhil-rover/rover/team_rover/install/package_example/share/package_example/local_setup.bash
[0.581s] -- Installing: /home/akhil-rover/rover/team_rover/install/package_example/share/package_example/local_setup.sh
[0.581s] -- Installing: /home/akhil-rover/rover/team_rover/install/package_example/share/package_example/local_setup.zsh
[0.582s] -- Installing: /home/akhil-rover/rover/team_rover/install/package_example/share/package_example/local_setup.dsv
[0.582s] -- Installing: /home/akhil-rover/rover/team_rover/install/package_example/share/package_example/package.dsv
[0.582s] -- Installing: /home/akhil-rover/rover/team_rover/install/package_example/share/ament_index/resource_index/packages/package_example
[0.582s] -- Installing: /home/akhil-rover/rover/team_rover/install/package_example/share/package_example/cmake/package_exampleConfig.cmake
[0.582s] -- Installing: /home/akhil-rover/rover/team_rover/install/package_example/share/package_example/cmake/package_exampleConfig-version.cmake
[0.582s] -- Installing: /home/akhil-rover/rover/team_rover/install/package_example/share/package_example/package.xml
[0.583s] Invoked command in '/home/akhil-rover/rover/team_rover/build/package_example' returned '0': CMAKE_PREFIX_PATH=${CMAKE_PREFIX_PATH}:/opt/ros/humble /usr/bin/cmake --install /home/akhil-rover/rover/team_rover/build/package_example
